1591552232361|Registry up and running!
1591552239121|GlobalRegistry processing put my-URI-broker rmi=localhost
1591552239207|GlobalRegistry processing put baduren.replicator.interfaces.ReplicableCI-c6ba57e8-3872-42cc-8f37-c3b195a74166 rmi=localhost
1591552239228|GlobalRegistry processing put server-service-1 rmi=localhost
1591552239260|GlobalRegistry processing put baduren.interfaces.ManagementCI-d4728e79-b1d2-4f46-9387-9c27df099ad5 rmi=localhost
1591552239319|GlobalRegistry processing put baduren.interfaces.PublicationImplementationI-6652fa66-dd40-4669-aeb6-d52579e9c3d2 rmi=localhost
1591552239463|All connected!
1591552239471|GlobalRegistry processing put fr.sorbonne_u.components.reflection.interfaces.ReflectionI-bf3b0d4a-62b3-4645-88c0-d3e01fe48f67 rmi=localhost
1591552239509|GlobalRegistry processing put my-URI-broker2 rmi=localhost
1591552239547|GlobalRegistry processing put manager rmi=localhost
1591552239578|GlobalRegistry processing put baduren.replicator.interfaces.ReplicableCI-bc93baf9-86fd-4a8a-bdbb-5553a64e168c rmi=localhost
1591552239588|GlobalRegistry processing put baduren.replicator.interfaces.ReplicableCI-3f5a3b66-0194-4b35-9e4c-6a67ef3fb98d rmi=localhost
1591552239607|GlobalRegistry processing put baduren.replicator.interfaces.ReplicableCI-73d81d17-0b8b-4f42-92ab-9a7f0aa2d736 rmi=localhost
1591552239618|GlobalRegistry processing put server-service-2 rmi=localhost
1591552239700|GlobalRegistry processing put baduren.interfaces.ManagementCI-ade95809-c40b-4b9d-92ca-8e71d038087c rmi=localhost
1591552239791|GlobalRegistry processing put baduren.interfaces.PublicationImplementationI-36209a68-1263-40e2-b3e0-1e161d3f92bd rmi=localhost
1591552239841|GlobalRegistry processing put fr.sorbonne_u.components.reflection.interfaces.ReflectionI-16f544fa-517a-447f-97df-ec66e19540a0 rmi=localhost
1591552239932|GlobalRegistry processing put fr.sorbonne_u.components.reflection.interfaces.ReflectionI-e2b73d92-4cb6-4b1f-adb5-60c5fb414c46 rmi=localhost
1591552240059|GlobalRegistry processing put fr.sorbonne_u.components.reflection.interfaces.ReflectionI-2bdefaf8-52a8-470f-a157-d5fbf5de2d5e rmi=localhost
1591552240066|GlobalRegistry processing put my-URI-subscriber-student11 rmi=localhost
1591552240135|GlobalRegistry processing put my-URI-subscriber-student12 rmi=localhost
1591552240143|GlobalRegistry processing put fr.sorbonne_u.components.reflection.interfaces.ReflectionI-21f1f711-eb80-4150-9889-49c7ebda3f44 rmi=localhost
1591552240187|GlobalRegistry processing put manager-dcc rmi=localhost
1591552240242|GlobalRegistry processing put fr.sorbonne_u.components.reflection.interfaces.ReflectionI-9433a2e6-39c9-4e36-986f-9c7fedd132a9 rmi=localhost
1591552240258|GlobalRegistry processing put fr.sorbonne_u.components.reflection.interfaces.ReflectionI-a8b3a6f8-e3c7-4dd6-bbfe-71481ce62fbb rmi=localhost
1591552240315|GlobalRegistry processing put jvm1-dcc rmi=localhost
1591552240359|GlobalRegistry processing put my-URI-subscriber-student13 rmi=localhost
1591552240404|GlobalRegistry processing put my-URI-subscriber-student14 rmi=localhost
1591552240471|GlobalRegistry processing put fr.sorbonne_u.components.reflection.interfaces.ReflectionI-74614d25-384c-4309-adfa-b2f8fa23695d rmi=localhost
1591552240571|GlobalRegistry processing put jvm2-dcc rmi=localhost
1591552240623|GlobalRegistry processing lookup server-service-1
1591552240630|GlobalRegistry processing lookup manager
1591552240671|GlobalRegistry processing lookup manager
1591552240763|GlobalRegistry processing lookup server-service-2
1591552240950|GlobalRegistry processing put baduren.interfaces.ManagementCI-6877f153-8efa-41b2-a98a-803fbb29c747 rmi=localhost
1591552241046|GlobalRegistry processing put publisher-client-plugin-uri1 rmi=localhost
1591552241079|GlobalRegistry processing put baduren.interfaces.ManagementCI-27d53903-a7a4-4bb9-b5ba-bd8d75771773 rmi=localhost
1591552241081|GlobalRegistry processing put publisher-client-plugin-uri2 rmi=localhost
1591552241178|GlobalRegistry processing put fr.sorbonne_u.components.reflection.interfaces.ReflectionI-77d54f18-01f1-40f4-93f9-3f4745c284be rmi=localhost
1591552241229|GlobalRegistry processing put publisher-client-plugin-uri3 rmi=localhost
1591552241233|GlobalRegistry processing put fr.sorbonne_u.components.reflection.interfaces.ReflectionI-db63b22f-93e4-4c8e-aeb0-851de20cdf3c rmi=localhost
1591552241275|GlobalRegistry processing put baduren.interfaces.ManagementCI-238b3989-b6e4-4685-8826-f2d513c54821 rmi=localhost
1591552241298|GlobalRegistry processing put fr.sorbonne_u.components.reflection.interfaces.ReflectionI-6b03c6b6-5a13-43aa-ba4e-4c68ebe1b3c2 rmi=localhost
1591552241303|GlobalRegistry processing put baduren.interfaces.ManagementCI-4cdb43d1-f6c4-4281-af51-54ebbfefcb7d rmi=localhost
1591552241304|GlobalRegistry processing put fr.sorbonne_u.components.reflection.interfaces.ReflectionI-953d59ab-4051-43b8-8714-a085f781b1f6 rmi=localhost
1591552241305|GlobalRegistry processing put publisher-client-plugin-uri4 rmi=localhost
1591552241337|GlobalRegistry processing put fr.sorbonne_u.components.reflection.interfaces.ReflectionI-a073c35c-abd3-49ba-8a69-d63fe1b6947e rmi=localhost
1591552241347|GlobalRegistry processing remove fr.sorbonne_u.components.reflection.interfaces.ReflectionI-77d54f18-01f1-40f4-93f9-3f4745c284be
1591552241379|GlobalRegistry processing remove fr.sorbonne_u.components.reflection.interfaces.ReflectionI-db63b22f-93e4-4c8e-aeb0-851de20cdf3c
1591552241395|GlobalRegistry processing put fr.sorbonne_u.components.reflection.interfaces.ReflectionI-3c84d8eb-d0d0-496f-a611-2cbbb68ad37c rmi=localhost
1591552241404|GlobalRegistry processing put fr.sorbonne_u.components.reflection.interfaces.ReflectionI-69d5f3cd-7dea-4b6d-93d7-4986a9ae2183 rmi=localhost
1591552241445|GlobalRegistry processing put student1 rmi=localhost
1591552241455|GlobalRegistry processing remove fr.sorbonne_u.components.reflection.interfaces.ReflectionI-a073c35c-abd3-49ba-8a69-d63fe1b6947e
1591552241463|GlobalRegistry processing remove fr.sorbonne_u.components.reflection.interfaces.ReflectionI-953d59ab-4051-43b8-8714-a085f781b1f6
1591552241507|GlobalRegistry processing put fr.sorbonne_u.components.reflection.interfaces.ReflectionI-ab8d7df3-26db-40b9-ae02-7d201da14f45 rmi=localhost
1591552241509|GlobalRegistry processing remove fr.sorbonne_u.components.reflection.interfaces.ReflectionI-69d5f3cd-7dea-4b6d-93d7-4986a9ae2183
1591552241515|GlobalRegistry processing put baduren.interfaces.ManagementCI-531ef7bc-5210-462c-89d7-36905f38a1f8 rmi=localhost
1591552241558|GlobalRegistry processing put baduren.interfaces.ManagementCI-1f8c81b6-1867-44fb-b9bd-77c1e2289932 rmi=localhost
1591552241561|GlobalRegistry processing remove fr.sorbonne_u.components.reflection.interfaces.ReflectionI-6b03c6b6-5a13-43aa-ba4e-4c68ebe1b3c2
1591552241564|GlobalRegistry processing put baduren.interfaces.ManagementCI-86aedc59-b200-49d4-bab4-364bcae13c90 rmi=localhost
1591552241564|GlobalRegistry processing remove fr.sorbonne_u.components.reflection.interfaces.ReflectionI-3c84d8eb-d0d0-496f-a611-2cbbb68ad37c
1591552241570|GlobalRegistry processing put fr.sorbonne_u.components.reflection.interfaces.ReflectionI-a17e8d52-3472-4090-8b20-32e3f39f14fc rmi=localhost
1591552241592|GlobalRegistry processing put fr.sorbonne_u.components.reflection.interfaces.ReflectionI-1697e785-6025-4851-92b2-def8eaafab81 rmi=localhost
1591552241615|GlobalRegistry processing put fr.sorbonne_u.components.reflection.interfaces.ReflectionI-0a8662f8-cefe-4e61-9ce7-88bcbdae13ea rmi=localhost
1591552241617|GlobalRegistry processing remove fr.sorbonne_u.components.reflection.interfaces.ReflectionI-ab8d7df3-26db-40b9-ae02-7d201da14f45
1591552241629|GlobalRegistry processing put student3 rmi=localhost
1591552241636|GlobalRegistry processing put my-URI-broker0 rmi=localhost
1591552241660|GlobalRegistry processing put student2 rmi=localhost
1591552241673|GlobalRegistry processing put student4 rmi=localhost
1591552241676|GlobalRegistry processing put baduren.interfaces.ManagementCI-c569835f-42f1-4fed-8a8f-b423e3156d47 rmi=localhost
1591552241679|GlobalRegistry processing remove fr.sorbonne_u.components.reflection.interfaces.ReflectionI-0a8662f8-cefe-4e61-9ce7-88bcbdae13ea
1591552241704|GlobalRegistry processing remove fr.sorbonne_u.components.reflection.interfaces.ReflectionI-1697e785-6025-4851-92b2-def8eaafab81
1591552241705|GlobalRegistry processing remove fr.sorbonne_u.components.reflection.interfaces.ReflectionI-a17e8d52-3472-4090-8b20-32e3f39f14fc
1591552241739|GlobalRegistry processing put fr.sorbonne_u.components.reflection.interfaces.ReflectionI-6b44591d-25ca-491a-be8f-af5eca927569 rmi=localhost
1591552241761|GlobalRegistry processing put my-URI-broker20 rmi=localhost
1591552241773|GlobalRegistry processing remove fr.sorbonne_u.components.reflection.interfaces.ReflectionI-6b44591d-25ca-491a-be8f-af5eca927569
1591552241817|GlobalRegistry processing put my-URI-broker1 rmi=localhost
1591552241871|GlobalRegistry processing put my-URI-broker21 rmi=localhost
1591552260913|GlobalRegistry processing remove fr.sorbonne_u.components.reflection.interfaces.ReflectionI-2bdefaf8-52a8-470f-a157-d5fbf5de2d5e
1591552260916|GlobalRegistry processing remove my-URI-subscriber-student11
1591552260932|GlobalRegistry processing remove fr.sorbonne_u.components.reflection.interfaces.ReflectionI-21f1f711-eb80-4150-9889-49c7ebda3f44
1591552260939|GlobalRegistry processing remove fr.sorbonne_u.components.reflection.interfaces.ReflectionI-bf3b0d4a-62b3-4645-88c0-d3e01fe48f67
1591552260948|GlobalRegistry processing remove my-URI-subscriber-student13
1591552260963|GlobalRegistry processing remove fr.sorbonne_u.components.reflection.interfaces.ReflectionI-9433a2e6-39c9-4e36-986f-9c7fedd132a9
1591552260995|GlobalRegistry processing remove my-URI-subscriber-student14
1591552261009|GlobalRegistry processing remove my-URI-broker20
1591552261016|GlobalRegistry processing remove my-URI-broker21
1591552261027|GlobalRegistry processing remove my-URI-subscriber-student12
1591552261052|GlobalRegistry processing remove fr.sorbonne_u.components.reflection.interfaces.ReflectionI-e2b73d92-4cb6-4b1f-adb5-60c5fb414c46
1591552261103|GlobalRegistry processing remove fr.sorbonne_u.components.reflection.interfaces.ReflectionI-16f544fa-517a-447f-97df-ec66e19540a0
1591552261105|GlobalRegistry processing remove my-URI-broker1
1591552261106|GlobalRegistry processing remove my-URI-broker0
1591552261114|GlobalRegistry processing remove baduren.replicator.interfaces.ReplicableCI-bc93baf9-86fd-4a8a-bdbb-5553a64e168c
1591552261117|GlobalRegistry processing remove baduren.replicator.interfaces.ReplicableCI-c6ba57e8-3872-42cc-8f37-c3b195a74166
1591552261119|GlobalRegistry processing remove server-service-2
1591552261121|GlobalRegistry processing remove my-URI-broker2
1591552261134|GlobalRegistry processing remove fr.sorbonne_u.components.reflection.interfaces.ReflectionI-a8b3a6f8-e3c7-4dd6-bbfe-71481ce62fbb
1591552261159|GlobalRegistry processing remove server-service-1
1591552261163|GlobalRegistry processing remove my-URI-broker
1591552261227|GlobalRegistry processing remove fr.sorbonne_u.components.reflection.interfaces.ReflectionI-74614d25-384c-4309-adfa-b2f8fa23695d
1591552261237|GlobalRegistry processing remove baduren.interfaces.ManagementCI-c569835f-42f1-4fed-8a8f-b423e3156d47
1591552261247|GlobalRegistry processing remove publisher-client-plugin-uri3
1591552261247|GlobalRegistry processing remove student1
1591552261287|GlobalRegistry processing remove manager-dcc
1591552261290|GlobalRegistry processing remove baduren.replicator.interfaces.ReplicableCI-3f5a3b66-0194-4b35-9e4c-6a67ef3fb98d
1591552261293|GlobalRegistry processing remove baduren.interfaces.ManagementCI-6877f153-8efa-41b2-a98a-803fbb29c747
1591552261298|GlobalRegistry processing remove baduren.replicator.interfaces.ReplicableCI-73d81d17-0b8b-4f42-92ab-9a7f0aa2d736
1591552261303|GlobalRegistry processing remove student3
1591552261309|GlobalRegistry processing remove manager
1591552261316|GlobalRegistry processing remove jvm1-dcc
1591552261331|GlobalRegistry processing remove student2
1591552261353|GlobalRegistry processing remove baduren.interfaces.ManagementCI-4cdb43d1-f6c4-4281-af51-54ebbfefcb7d
1591552261372|GlobalRegistry processing remove student4
1591552261381|GlobalRegistry processing remove baduren.interfaces.ManagementCI-238b3989-b6e4-4685-8826-f2d513c54821
1591552261383|GlobalRegistry processing remove baduren.interfaces.ManagementCI-27d53903-a7a4-4bb9-b5ba-bd8d75771773
1591552261392|GlobalRegistry processing remove publisher-client-plugin-uri2
1591552261393|GlobalRegistry processing remove baduren.interfaces.ManagementCI-531ef7bc-5210-462c-89d7-36905f38a1f8
1591552261410|GlobalRegistry processing remove publisher-client-plugin-uri1
1591552261443|GlobalRegistry processing remove baduren.interfaces.ManagementCI-ade95809-c40b-4b9d-92ca-8e71d038087c
1591552261445|GlobalRegistry processing remove baduren.interfaces.PublicationImplementationI-36209a68-1263-40e2-b3e0-1e161d3f92bd
1591552261455|GlobalRegistry processing remove publisher-client-plugin-uri4
1591552261457|GlobalRegistry processing remove baduren.interfaces.ManagementCI-1f8c81b6-1867-44fb-b9bd-77c1e2289932
1591552261459|GlobalRegistry processing remove baduren.interfaces.ManagementCI-86aedc59-b200-49d4-bab4-364bcae13c90
1591552261460|GlobalRegistry processing remove jvm2-dcc
1591552261504|GlobalRegistry processing remove baduren.interfaces.PublicationImplementationI-6652fa66-dd40-4669-aeb6-d52579e9c3d2
1591552261509|GlobalRegistry processing remove baduren.interfaces.ManagementCI-d4728e79-b1d2-4f46-9387-9c27df099ad5
1591552261518|GlobalRegistry processing shutdown
1591552261533|GlobalRegistry processing shutdown
1591552261559|GlobalRegistry processing shutdown
1591552261562|Global registry shuts down!
