#
# A fatal error has been detected by the Java Runtime Environment:
#
#  SIGSEGV (0xb) at pc=0x0000000123e6b031, pid=10426, tid=0x0000000000012f17
#
# JRE version: Java(TM) SE Runtime Environment (8.0_191-b12) (build 1.8.0_191-b12)
# Java VM: Java HotSpot(TM) 64-Bit Server VM (25.191-b12 mixed mode bsd-amd64 compressed oops)
# Problematic frame:
# C  [libawt_lwawt.dylib+0x1c031]  OGLSD_SetScratchSurface+0x53
#
# Failed to write core dump. Core dumps have been disabled. To enable core dumping, try "ulimit -c unlimited" before starting Java again
#
# If you would like to submit a bug report, please visit:
#   http://bugreport.java.com/bugreport/crash.jsp
# The crash happened outside the Java Virtual Machine in native code.
# See problematic frame for where to report the bug.
#

---------------  T H R E A D  ---------------

Current thread (0x00007faa608d8000):  JavaThread "Java2D Queue Flusher" daemon [_thread_in_native, id=77591, stack(0x000070000e4af000,0x000070000e5af000)]

siginfo: si_signo: 11 (SIGSEGV), si_code: 1 (SEGV_MAPERR), si_addr: 0x0000000000000000

Registers:
RAX=0x00007faa61a17038, RBX=0x00007faa65c70002, RCX=0x00007faa61a17040, RDX=0x0000000123e8cb14
RSP=0x000070000e5ae730, RBP=0x000070000e5ae750, RSI=0x00007faa6075c440, RDI=0x00007faa61a17038
R8 =0x0000000000025c7d, R9 =0xffffffff00000000, R10=0x0000000110456738, R11=0x0000000110456718
R12=0x0000000000000000, R13=0x000070000e5ae840, R14=0x00007faa608d81f8, R15=0x0000000000000000
RIP=0x0000000123e6b031, EFLAGS=0x0000000000010206, ERR=0x0000000000000004
  TRAPNO=0x000000000000000e

Top of Stack: (sp=0x000070000e5ae730)
0x000070000e5ae730:   00007faa6075c440 0000000000000000
0x000070000e5ae740:   00007faa608f9410 00007faa608d8000
0x000070000e5ae750:   000070000e5ae7d0 0000000123e8c5f2
0x000070000e5ae760:   0000000000000bad 0000000000000bad
0x000070000e5ae770:   00007faa608d8000 0000000000012d0f
0x000070000e5ae780:   00007faa62209300 0000000200000001
0x000070000e5ae790:   000070000e5ae7d0 00007faa608f9420
0x000070000e5ae7a0:   0000000000000000 00007faa608d81f8
0x000070000e5ae7b0:   000000010e98ea08 0000000000000000
0x000070000e5ae7c0:   000070000e5ae8b8 00007faa608d8000
0x000070000e5ae7d0:   000070000e5ae820 00000001104567aa
0x000070000e5ae7e0:   000000074000e858 000070000e5ae8f8
0x000070000e5ae7f0:   00007faa608d8000 00007faa605062f8
0x000070000e5ae800:   000070000e5ae830 000000010cb3bdb4
0x000070000e5ae810:   0000000000000064 0000000000000000
0x000070000e5ae820:   000070000e5ae8a0 00000001100892bd
0x000070000e5ae830:   000070000e5ae8a0 00000001100892bd
0x000070000e5ae840:   0000000000000020 00007faa608f9400
0x000070000e5ae850:   000000074000e870 000000074000e858
0x000070000e5ae860:   000070000e5ae860 000000010e98eab5
0x000070000e5ae870:   000070000e5ae8b8 000000010e98faa0
0x000070000e5ae880:   000000012c3f81f0 000000010e98ead8
0x000070000e5ae890:   000070000e5ae840 000070000e5ae8c0
0x000070000e5ae8a0:   000070000e5ae960 000000011044e3dc
0x000070000e5ae8b0:   0000000000000020 000000074000e858
0x000070000e5ae8c0:   000000012a48a704 000070000e5ae908
0x000070000e5ae8d0:   000000012a48a780 0000000000000000
0x000070000e5ae8e0:   000070000e5ae960 00000001100892bd
0x000070000e5ae8f0:   000070000e5ae960 00000001100892bd
0x000070000e5ae900:   00000001100892bd 000000074000e858
0x000070000e5ae910:   0000000000000001 00000007400242d8
0x000070000e5ae920:   000070000e5ae910 000000010e992501 

Instructions: (pc=0x0000000123e6b031)
0x0000000123e6b011:   48 85 db 75 0e bf 01 00 00 00 48 8d 15 a8 96 03
0x0000000123e6b021:   00 eb d6 49 89 fe 4c 8b 3b 30 c0 e8 ff bc 02 00
0x0000000123e6b031:   49 8b 3f 49 89 c4 48 8b 35 02 29 06 00 30 c0 e8
0x0000000123e6b041:   0b be 02 00 48 85 c0 75 4e 30 c0 e8 93 1c 02 00 

Register to memory mapping:

RAX=0x00007faa61a17038 is an unknown value
RBX=0x00007faa65c70002 is an unknown value
RCX=0x00007faa61a17040 is an unknown value
RDX=0x0000000123e8cb14: Java_sun_java2d_opengl_OGLRenderQueue_flushBuffer+0xb5c in /Library/Java/JavaVirtualMachines/jdk1.8.0_191.jdk/Contents/Home/jre/lib/libawt_lwawt.dylib at 0x0000000123e4f000
RSP=0x000070000e5ae730 is pointing into the stack for thread: 0x00007faa608d8000
RBP=0x000070000e5ae750 is pointing into the stack for thread: 0x00007faa608d8000
RSI=0x00007faa6075c440 is an unknown value
RDI=0x00007faa61a17038 is an unknown value
R8 =0x0000000000025c7d is an unknown value
R9 =0xffffffff00000000 is an unknown value
R10=0x0000000110456738 is at entry_point+56 in (nmethod*)0x0000000110456590
R11=0x0000000110456718 is at entry_point+24 in (nmethod*)0x0000000110456590
R12=0x0000000000000000 is an unknown value
R13=0x000070000e5ae840 is pointing into the stack for thread: 0x00007faa608d8000
R14=0x00007faa608d81f8 is an unknown value
R15=0x0000000000000000 is an unknown value


Stack: [0x000070000e4af000,0x000070000e5af000],  sp=0x000070000e5ae730,  free space=1021k
Native frames: (J=compiled Java code, j=interpreted, Vv=VM code, C=native code)
C  [libawt_lwawt.dylib+0x1c031]  OGLSD_SetScratchSurface+0x53
C  [libawt_lwawt.dylib+0x3d5f2]  Java_sun_java2d_opengl_OGLRenderQueue_flushBuffer+0x63a
J 1313  sun.java2d.opengl.OGLRenderQueue.flushBuffer(JI)V (0 bytes) @ 0x00000001104567aa [0x0000000110456700+0xaa]
j  sun.java2d.opengl.OGLRenderQueue.flushBuffer()V+21
J 1280 C1 sun.java2d.opengl.OGLRenderQueue.access$100(Lsun/java2d/opengl/OGLRenderQueue;)V (5 bytes) @ 0x000000011044e3dc [0x000000011044e380+0x5c]
j  sun.java2d.opengl.OGLRenderQueue$QueueFlusher.run()V+81
v  ~StubRoutines::call_stub
V  [libjvm.dylib+0x2ef9fe]  JavaCalls::call_helper(JavaValue*, methodHandle*, JavaCallArguments*, Thread*)+0x6ae
V  [libjvm.dylib+0x2f01a2]  JavaCalls::call_virtual(JavaValue*, KlassHandle, Symbol*, Symbol*, JavaCallArguments*, Thread*)+0x164
V  [libjvm.dylib+0x2f034e]  JavaCalls::call_virtual(JavaValue*, Handle, KlassHandle, Symbol*, Symbol*, Thread*)+0x4a
V  [libjvm.dylib+0x34ac3d]  thread_entry(JavaThread*, Thread*)+0x7c
V  [libjvm.dylib+0x56f83f]  JavaThread::thread_main_inner()+0x9b
V  [libjvm.dylib+0x570f3a]  JavaThread::run()+0x1c2
V  [libjvm.dylib+0x48e0be]  java_start(Thread*)+0xf6
C  [libsystem_pthread.dylib+0x3339]  _pthread_body+0x7e
C  [libsystem_pthread.dylib+0x62a7]  _pthread_start+0x46
C  [libsystem_pthread.dylib+0x2445]  thread_start+0xd
C  0x0000000000000000

Java frames: (J=compiled Java code, j=interpreted, Vv=VM code)
J 1313  sun.java2d.opengl.OGLRenderQueue.flushBuffer(JI)V (0 bytes) @ 0x0000000110456738 [0x0000000110456700+0x38]
j  sun.java2d.opengl.OGLRenderQueue.flushBuffer()V+21
J 1280 C1 sun.java2d.opengl.OGLRenderQueue.access$100(Lsun/java2d/opengl/OGLRenderQueue;)V (5 bytes) @ 0x000000011044e3dc [0x000000011044e380+0x5c]
j  sun.java2d.opengl.OGLRenderQueue$QueueFlusher.run()V+81
v  ~StubRoutines::call_stub

---------------  P R O C E S S  ---------------

Java Threads: ( => current thread )
  0x00007faa64868000 JavaThread "pool-3-thread-1" [_thread_blocked, id=128007, stack(0x000070000ef50000,0x000070000f050000)]
  0x00007faa64867000 JavaThread "pool-1-thread-1" [_thread_blocked, id=128771, stack(0x000070000ee4d000,0x000070000ef4d000)]
  0x00007faa608e5800 JavaThread "pool-4-thread-1" [_thread_in_Java, id=129795, stack(0x000070000ed4a000,0x000070000ee4a000)]
  0x00007faa63269800 JavaThread "pool-2-thread-1" [_thread_blocked, id=87811, stack(0x000070000ec47000,0x000070000ed47000)]
  0x00007faa610d1000 JavaThread "TimerQueue" daemon [_thread_blocked, id=58663, stack(0x000070000eb44000,0x000070000ec44000)]
  0x00007faa6400c800 JavaThread "AWT-EventQueue-0" [_thread_blocked, id=72207, stack(0x000070000e9be000,0x000070000eabe000)]
  0x00007faa629db800 JavaThread "GC Daemon" daemon [_thread_blocked, id=55555, stack(0x000070000e8bb000,0x000070000e9bb000)]
  0x00007faa61a1a800 JavaThread "RMI Reaper" [_thread_blocked, id=75011, stack(0x000070000e7b8000,0x000070000e8b8000)]
  0x00007faa61a05000 JavaThread "RMI TCP Accept-0" daemon [_thread_in_native, id=75275, stack(0x000070000e6b5000,0x000070000e7b5000)]
  0x00007faa61a16800 JavaThread "Java2D Disposer" daemon [_thread_blocked, id=77071, stack(0x000070000e5b2000,0x000070000e6b2000)]
=>0x00007faa608d8000 JavaThread "Java2D Queue Flusher" daemon [_thread_in_native, id=77591, stack(0x000070000e4af000,0x000070000e5af000)]
  0x00007faa619dd800 JavaThread "AWT-Shutdown" [_thread_blocked, id=25895, stack(0x000070000e017000,0x000070000e117000)]
  0x00007faa608bf000 JavaThread "AppKit Thread" daemon [_thread_in_native, id=775, stack(0x00007ffee3e97000,0x00007ffee4697000)]
  0x00007faa61815000 JavaThread "Service Thread" daemon [_thread_blocked, id=15875, stack(0x000070000de11000,0x000070000df11000)]
  0x00007faa62815000 JavaThread "C1 CompilerThread3" daemon [_thread_blocked, id=16131, stack(0x000070000dd0e000,0x000070000de0e000)]
  0x00007faa62814000 JavaThread "C2 CompilerThread2" daemon [_thread_blocked, id=14595, stack(0x000070000dc0b000,0x000070000dd0b000)]
  0x00007faa6181f800 JavaThread "C2 CompilerThread1" daemon [_thread_blocked, id=14339, stack(0x000070000db08000,0x000070000dc08000)]
  0x00007faa6181e000 JavaThread "C2 CompilerThread0" daemon [_thread_blocked, id=16899, stack(0x000070000da05000,0x000070000db05000)]
  0x00007faa61814000 JavaThread "Signal Dispatcher" daemon [_thread_blocked, id=13571, stack(0x000070000d902000,0x000070000da02000)]
  0x00007faa64000000 JavaThread "Finalizer" daemon [_thread_blocked, id=18435, stack(0x000070000d7ff000,0x000070000d8ff000)]
  0x00007faa6180f800 JavaThread "Reference Handler" daemon [_thread_blocked, id=18947, stack(0x000070000d6fc000,0x000070000d7fc000)]
  0x00007faa61804800 JavaThread "main" [_thread_blocked, id=6403, stack(0x000070000ccde000,0x000070000cdde000)]

Other Threads:
  0x00007faa6282e000 VMThread [stack: 0x000070000d5f9000,0x000070000d6f9000] [id=19459]
  0x00007faa61005800 WatcherThread [stack: 0x000070000df14000,0x000070000e014000] [id=15363]

VM state:not at safepoint (normal execution)

VM Mutex/Monitor currently owned by a thread: None

Heap:
 PSYoungGen      total 38400K, used 1996K [0x0000000795580000, 0x0000000798000000, 0x00000007c0000000)
  eden space 33280K, 6% used [0x0000000795580000,0x0000000795773368,0x0000000797600000)
  from space 5120K, 0% used [0x0000000797b00000,0x0000000797b00000,0x0000000798000000)
  to   space 5120K, 0% used [0x0000000797600000,0x0000000797600000,0x0000000797b00000)
 ParOldGen       total 87552K, used 2420K [0x0000000740000000, 0x0000000745580000, 0x0000000795580000)
  object space 87552K, 2% used [0x0000000740000000,0x000000074025d018,0x0000000745580000)
 Metaspace       used 13368K, capacity 13692K, committed 13824K, reserved 1060864K
  class space    used 1676K, capacity 1756K, committed 1792K, reserved 1048576K

Card table byte_map: [0x000000010d9b4000,0x000000010ddb5000] byte_map_base: 0x0000000109fb4000

Marking Bits: (ParMarkBitMap*) 0x000000010cef9e00
 Begin Bits: [0x000000011f081000, 0x0000000121081000)
 End Bits:   [0x0000000121081000, 0x0000000123081000)

Polling page: 0x000000010b5dc000

CodeCache: size=245760Kb used=4052Kb max_used=4052Kb free=241707Kb
 bounds [0x0000000110081000, 0x0000000110481000, 0x000000011f081000]
 total_blobs=1892 nmethods=1344 adapters=461
 compilation: enabled

Compilation events (10 events):
Event: 3600.782 Thread 0x00007faa62815000 1343       3       java.lang.ref.ReferenceQueue::reallyPoll (65 bytes)
Event: 3600.782 Thread 0x00007faa62815000 nmethod 1343 0x0000000110473810 code [0x00000001104739a0, 0x0000000110473e30]
Event: 3600.783 Thread 0x00007faa62815000 1344       3       java.lang.ref.Reference::clear (6 bytes)
Event: 3600.783 Thread 0x00007faa62815000 nmethod 1344 0x00000001104764d0 code [0x0000000110476620, 0x0000000110476790]
Event: 3600.783 Thread 0x00007faa62815000 1345       3       java.lang.ref.ReferenceQueue::remove (6 bytes)
Event: 3600.783 Thread 0x00007faa62815000 nmethod 1345 0x0000000110476810 code [0x0000000110476980, 0x0000000110476b88]
Event: 3600.783 Thread 0x00007faa62815000 1346   !   3       java.lang.ref.ReferenceQueue::remove (125 bytes)
Event: 3600.784 Thread 0x00007faa62815000 nmethod 1346 0x0000000110476c10 code [0x0000000110476e00, 0x00000001104776b8]
Event: 3600.784 Thread 0x00007faa62815000 1347  s    3       java.util.Hashtable::remove (133 bytes)
Event: 3600.784 Thread 0x00007faa62815000 nmethod 1347 0x0000000110477ad0 code [0x0000000110477c80, 0x00000001104784d8]

GC Heap History (8 events):
Event: 0.699 GC heap before
{Heap before GC invocations=1 (full 0):
 PSYoungGen      total 38400K, used 6668K [0x0000000795580000, 0x0000000798000000, 0x00000007c0000000)
  eden space 33280K, 20% used [0x0000000795580000,0x0000000795c03050,0x0000000797600000)
  from space 5120K, 0% used [0x0000000797b00000,0x0000000797b00000,0x0000000798000000)
  to   space 5120K, 0% used [0x0000000797600000,0x0000000797600000,0x0000000797b00000)
 ParOldGen       total 87552K, used 0K [0x0000000740000000, 0x0000000745580000, 0x0000000795580000)
  object space 87552K, 0% used [0x0000000740000000,0x0000000740000000,0x0000000745580000)
 Metaspace       used 7507K, capacity 7638K, committed 7936K, reserved 1056768K
  class space    used 870K, capacity 926K, committed 1024K, reserved 1048576K
Event: 0.702 GC heap after
Heap after GC invocations=1 (full 0):
 PSYoungGen      total 38400K, used 1264K [0x0000000795580000, 0x0000000798000000, 0x00000007c0000000)
  eden space 33280K, 0% used [0x0000000795580000,0x0000000795580000,0x0000000797600000)
  from space 5120K, 24% used [0x0000000797600000,0x000000079773c010,0x0000000797b00000)
  to   space 5120K, 0% used [0x0000000797b00000,0x0000000797b00000,0x0000000798000000)
 ParOldGen       total 87552K, used 8K [0x0000000740000000, 0x0000000745580000, 0x0000000795580000)
  object space 87552K, 0% used [0x0000000740000000,0x0000000740002000,0x0000000745580000)
 Metaspace       used 7507K, capacity 7638K, committed 7936K, reserved 1056768K
  class space    used 870K, capacity 926K, committed 1024K, reserved 1048576K
}
Event: 0.702 GC heap before
{Heap before GC invocations=2 (full 1):
 PSYoungGen      total 38400K, used 1264K [0x0000000795580000, 0x0000000798000000, 0x00000007c0000000)
  eden space 33280K, 0% used [0x0000000795580000,0x0000000795580000,0x0000000797600000)
  from space 5120K, 24% used [0x0000000797600000,0x000000079773c010,0x0000000797b00000)
  to   space 5120K, 0% used [0x0000000797b00000,0x0000000797b00000,0x0000000798000000)
 ParOldGen       total 87552K, used 8K [0x0000000740000000, 0x0000000745580000, 0x0000000795580000)
  object space 87552K, 0% used [0x0000000740000000,0x0000000740002000,0x0000000745580000)
 Metaspace       used 7507K, capacity 7638K, committed 7936K, reserved 1056768K
  class space    used 870K, capacity 926K, committed 1024K, reserved 1048576K
Event: 0.711 GC heap after
Heap after GC invocations=2 (full 1):
 PSYoungGen      total 38400K, used 0K [0x0000000795580000, 0x0000000798000000, 0x00000007c0000000)
  eden space 33280K, 0% used [0x0000000795580000,0x0000000795580000,0x0000000797600000)
  from space 5120K, 0% used [0x0000000797600000,0x0000000797600000,0x0000000797b00000)
  to   space 5120K, 0% used [0x0000000797b00000,0x0000000797b00000,0x0000000798000000)
 ParOldGen       total 87552K, used 1113K [0x0000000740000000, 0x0000000745580000, 0x0000000795580000)
  object space 87552K, 1% used [0x0000000740000000,0x0000000740116558,0x0000000745580000)
 Metaspace       used 7507K, capacity 7638K, committed 7936K, reserved 1056768K
  class space    used 870K, capacity 926K, committed 1024K, reserved 1048576K
}
Event: 3600.712 GC heap before
{Heap before GC invocations=3 (full 1):
 PSYoungGen      total 38400K, used 12457K [0x0000000795580000, 0x0000000798000000, 0x00000007c0000000)
  eden space 33280K, 37% used [0x0000000795580000,0x00000007961aa718,0x0000000797600000)
  from space 5120K, 0% used [0x0000000797600000,0x0000000797600000,0x0000000797b00000)
  to   space 5120K, 0% used [0x0000000797b00000,0x0000000797b00000,0x0000000798000000)
 ParOldGen       total 87552K, used 1113K [0x0000000740000000, 0x0000000745580000, 0x0000000795580000)
  object space 87552K, 1% used [0x0000000740000000,0x0000000740116558,0x0000000745580000)
 Metaspace       used 13382K, capacity 13716K, committed 13824K, reserved 1060864K
  class space    used 1680K, capacity 1764K, committed 1792K, reserved 1048576K
Event: 3600.730 GC heap after
Heap after GC invocations=3 (full 1):
 PSYoungGen      total 38400K, used 2100K [0x0000000795580000, 0x0000000798000000, 0x00000007c0000000)
  eden space 33280K, 0% used [0x0000000795580000,0x0000000795580000,0x0000000797600000)
  from space 5120K, 41% used [0x0000000797b00000,0x0000000797d0d230,0x0000000798000000)
  to   space 5120K, 0% used [0x0000000797600000,0x0000000797600000,0x0000000797b00000)
 ParOldGen       total 87552K, used 1121K [0x0000000740000000, 0x0000000745580000, 0x0000000795580000)
  object space 87552K, 1% used [0x0000000740000000,0x0000000740118558,0x0000000745580000)
 Metaspace       used 13382K, capacity 13716K, committed 13824K, reserved 1060864K
  class space    used 1680K, capacity 1764K, committed 1792K, reserved 1048576K
}
Event: 3600.730 GC heap before
{Heap before GC invocations=4 (full 2):
 PSYoungGen      total 38400K, used 2100K [0x0000000795580000, 0x0000000798000000, 0x00000007c0000000)
  eden space 33280K, 0% used [0x0000000795580000,0x0000000795580000,0x0000000797600000)
  from space 5120K, 41% used [0x0000000797b00000,0x0000000797d0d230,0x0000000798000000)
  to   space 5120K, 0% used [0x0000000797600000,0x0000000797600000,0x0000000797b00000)
 ParOldGen       total 87552K, used 1121K [0x0000000740000000, 0x0000000745580000, 0x0000000795580000)
  object space 87552K, 1% used [0x0000000740000000,0x0000000740118558,0x0000000745580000)
 Metaspace       used 13382K, capacity 13716K, committed 13824K, reserved 1060864K
  class space    used 1680K, capacity 1764K, committed 1792K, reserved 1048576K
Event: 3600.776 GC heap after
Heap after GC invocations=4 (full 2):
 PSYoungGen      total 38400K, used 0K [0x0000000795580000, 0x0000000798000000, 0x00000007c0000000)
  eden space 33280K, 0% used [0x0000000795580000,0x0000000795580000,0x0000000797600000)
  from space 5120K, 0% used [0x0000000797b00000,0x0000000797b00000,0x0000000798000000)
  to   space 5120K, 0% used [0x0000000797600000,0x0000000797600000,0x0000000797b00000)
 ParOldGen       total 87552K, used 2420K [0x0000000740000000, 0x0000000745580000, 0x0000000795580000)
  object space 87552K, 2% used [0x0000000740000000,0x000000074025d018,0x0000000745580000)
 Metaspace       used 13367K, capacity 13692K, committed 13824K, reserved 1060864K
  class space    used 1676K, capacity 1756K, committed 1792K, reserved 1048576K
}

Deoptimization events (7 events):
Event: 0.814 Thread 0x00007faa61804800 Uncommon trap: reason=unstable_if action=reinterpret pc=0x0000000110242bd8 method=java.util.HashMap.hash(Ljava/lang/Object;)I @ 1
Event: 0.824 Thread 0x00007faa61804800 Uncommon trap: reason=class_check action=maybe_recompile pc=0x00000001101f7718 method=java.lang.String.equals(Ljava/lang/Object;)Z @ 8
Event: 0.824 Thread 0x00007faa61804800 Uncommon trap: reason=class_check action=maybe_recompile pc=0x00000001101f7718 method=java.lang.String.equals(Ljava/lang/Object;)Z @ 8
Event: 0.824 Thread 0x00007faa61804800 Uncommon trap: reason=class_check action=maybe_recompile pc=0x00000001101f7718 method=java.lang.String.equals(Ljava/lang/Object;)Z @ 8
Event: 0.824 Thread 0x00007faa61804800 Uncommon trap: reason=class_check action=maybe_recompile pc=0x00000001101f7718 method=java.lang.String.equals(Ljava/lang/Object;)Z @ 8
Event: 0.846 Thread 0x00007faa61804800 Uncommon trap: reason=unstable_if action=reinterpret pc=0x00000001102719cc method=java.lang.AbstractStringBuilder.append(Ljava/lang/String;)Ljava/lang/AbstractStringBuilder; @ 1
Event: 0.847 Thread 0x00007faa61804800 Uncommon trap: reason=unstable_if action=reinterpret pc=0x0000000110266d14 method=java.lang.AbstractStringBuilder.append(Ljava/lang/String;)Ljava/lang/AbstractStringBuilder; @ 1

Classes redefined (0 events):
No events

Internal exceptions (10 events):
Event: 3.211 Thread 0x00007faa63269800 Exception <a 'java/lang/ClassCastException': baduren.ports.inboundPorts.ReceptionInboundPort cannot be cast to fr.sorbonne_u.components.reflection.interfaces.ReflectionI> (0x0000000795e36e48) thrown at [/Users/java_re/workspace/8-2-build-macosx-x86_64/jdk
Event: 3.213 Thread 0x00007faa63269800 Exception <a 'java/lang/ClassCastException': baduren.ports.inboundPorts.ReceptionInboundPort cannot be cast to fr.sorbonne_u.components.reflection.interfaces.ReflectionI> (0x0000000795e48e80) thrown at [/Users/java_re/workspace/8-2-build-macosx-x86_64/jdk
Event: 3.215 Thread 0x00007faa63269800 Exception <a 'java/lang/ClassCastException': baduren.ports.inboundPorts.ReceptionInboundPort cannot be cast to fr.sorbonne_u.components.reflection.interfaces.ReflectionI> (0x0000000795e5afd8) thrown at [/Users/java_re/workspace/8-2-build-macosx-x86_64/jdk
Event: 3.218 Thread 0x00007faa63269800 Exception <a 'java/lang/ClassCastException': baduren.ports.inboundPorts.ReceptionInboundPort cannot be cast to fr.sorbonne_u.components.reflection.interfaces.ReflectionI> (0x0000000795e6d008) thrown at [/Users/java_re/workspace/8-2-build-macosx-x86_64/jdk
Event: 3.221 Thread 0x00007faa63269800 Exception <a 'java/lang/ClassCastException': baduren.ports.inboundPorts.ReceptionInboundPort cannot be cast to fr.sorbonne_u.components.reflection.interfaces.ReflectionI> (0x0000000795e7f000) thrown at [/Users/java_re/workspace/8-2-build-macosx-x86_64/jdk
Event: 3.222 Thread 0x00007faa63269800 Exception <a 'java/lang/ClassCastException': baduren.ports.inboundPorts.ReceptionInboundPort cannot be cast to fr.sorbonne_u.components.reflection.interfaces.ReflectionI> (0x0000000795e91048) thrown at [/Users/java_re/workspace/8-2-build-macosx-x86_64/jdk
Event: 3.224 Thread 0x00007faa63269800 Exception <a 'java/lang/ClassCastException': baduren.ports.inboundPorts.ReceptionInboundPort cannot be cast to fr.sorbonne_u.components.reflection.interfaces.ReflectionI> (0x0000000795eda7d0) thrown at [/Users/java_re/workspace/8-2-build-macosx-x86_64/jdk
Event: 3600.779 Thread 0x00007faa64000000 Exception <a 'java/lang/NullPointerException'> (0x0000000795626758) thrown at [/Users/java_re/workspace/8-2-build-macosx-x86_64/jdk8u191/11896/hotspot/src/share/vm/interpreter/linkResolver.cpp, line 1185]
Event: 3600.781 Thread 0x00007faa64000000 Exception <a 'java/lang/NullPointerException'> (0x0000000795626960) thrown at [/Users/java_re/workspace/8-2-build-macosx-x86_64/jdk8u191/11896/hotspot/src/share/vm/interpreter/linkResolver.cpp, line 1185]
Event: 3600.783 Thread 0x00007faa64000000 Exception <a 'java/lang/NullPointerException'> (0x0000000795626b68) thrown at [/Users/java_re/workspace/8-2-build-macosx-x86_64/jdk8u191/11896/hotspot/src/share/vm/interpreter/linkResolver.cpp, line 1185]

Events (10 events):
Event: 521.773 loading class java/awt/image/BufferedImage$1
Event: 521.773 loading class java/awt/image/BufferedImage$1 done
Event: 521.817 loading class java/util/IdentityHashMap$Values
Event: 521.818 loading class java/util/IdentityHashMap$Values done
Event: 521.818 loading class java/util/IdentityHashMap$ValueIterator
Event: 521.818 loading class java/util/IdentityHashMap$ValueIterator done
Event: 521.818 loading class javax/swing/RepaintManager$DisplayChangedRunnable
Event: 521.819 loading class javax/swing/RepaintManager$DisplayChangedRunnable done
Event: 3600.712 Executing VM operation: ParallelGCSystemGC
Event: 3600.776 Executing VM operation: ParallelGCSystemGC done


Dynamic libraries:
0x00007fff46f0d000 	/System/Library/Frameworks/Cocoa.framework/Versions/A/Cocoa
0x00007fff531b7000 	/System/Library/Frameworks/Security.framework/Versions/A/Security
0x00007fff45b17000 	/System/Library/Frameworks/ApplicationServices.framework/Versions/A/ApplicationServices
0x00007fff7476e000 	/usr/lib/libz.1.dylib
0x00007fff71de5000 	/usr/lib/libSystem.B.dylib
0x00007fff7388b000 	/usr/lib/libobjc.A.dylib
0x00007fff47730000 	/System/Library/Frameworks/CoreFoundation.framework/Versions/A/CoreFoundation
0x00007fff49ab5000 	/System/Library/Frameworks/Foundation.framework/Versions/C/Foundation
0x00007fff44ca5000 	/System/Library/Frameworks/AppKit.framework/Versions/C/AppKit
0x00007fff472a4000 	/System/Library/Frameworks/CoreData.framework/Versions/A/CoreData
0x00007fff6afcb000 	/System/Library/PrivateFrameworks/RemoteViewServices.framework/Versions/A/RemoteViewServices
0x00007fff6faba000 	/System/Library/PrivateFrameworks/UIFoundation.framework/Versions/A/UIFoundation
0x00007fff7126c000 	/System/Library/PrivateFrameworks/XCTTargetBootstrap.framework/Versions/A/XCTTargetBootstrap
0x00007fff65ab9000 	/System/Library/PrivateFrameworks/IconServices.framework/Versions/A/IconServices
0x00007fff4c370000 	/System/Library/Frameworks/Metal.framework/Versions/A/Metal
0x00007fff5ccc3000 	/System/Library/PrivateFrameworks/DesktopServicesPriv.framework/Versions/A/DesktopServicesPriv
0x00007fff72b9f000 	/usr/lib/libenergytrace.dylib
0x00007fff6d82f000 	/System/Library/PrivateFrameworks/SkyLight.framework/Versions/A/SkyLight
0x00007fff47b7f000 	/System/Library/Frameworks/CoreGraphics.framework/Versions/A/CoreGraphics
0x00007fff43a60000 	/System/Library/Frameworks/Accelerate.framework/Versions/A/Accelerate
0x00007fff4a23e000 	/System/Library/Frameworks/IOSurface.framework/Versions/A/IOSurface
0x00007fff5cb25000 	/System/Library/PrivateFrameworks/DFRFoundation.framework/Versions/A/DFRFoundation
0x00007fff4601c000 	/System/Library/Frameworks/AudioToolbox.framework/Versions/A/AudioToolbox
0x00007fff462ba000 	/System/Library/Frameworks/AudioUnit.framework/Versions/A/AudioUnit
0x00007fff5cbbc000 	/System/Library/PrivateFrameworks/DataDetectorsCore.framework/Versions/A/DataDetectorsCore
0x00007fff469f9000 	/System/Library/Frameworks/Carbon.framework/Versions/A/Frameworks/HIToolbox.framework/Versions/A/HIToolbox
0x00007fff72cfa000 	/usr/lib/libicucore.A.dylib
0x00007fff52711000 	/System/Library/Frameworks/QuartzCore.framework/Versions/A/QuartzCore
0x00007fff46de0000 	/System/Library/Frameworks/Carbon.framework/Versions/A/Frameworks/SpeechRecognition.framework/Versions/A/SpeechRecognition
0x00007fff71f48000 	/usr/lib/libauto.dylib
0x00007fff74661000 	/usr/lib/libxml2.2.dylib
0x00007fff5c724000 	/System/Library/PrivateFrameworks/CoreUI.framework/Versions/A/CoreUI
0x00007fff47182000 	/System/Library/Frameworks/CoreAudio.framework/Versions/A/CoreAudio
0x00007fff498e7000 	/System/Library/Frameworks/DiskArbitration.framework/Versions/A/DiskArbitration
0x00007fff72faa000 	/usr/lib/liblangid.dylib
0x00007fff66f89000 	/System/Library/PrivateFrameworks/MultitouchSupport.framework/Versions/A/MultitouchSupport
0x00007fff4a1aa000 	/System/Library/Frameworks/IOKit.framework/Versions/A/IOKit
0x00007fff71a33000 	/usr/lib/libDiagnosticMessagesClient.dylib
0x00007fff489ed000 	/System/Library/Frameworks/CoreServices.framework/Versions/A/CoreServices
0x00007fff68cb8000 	/System/Library/PrivateFrameworks/PerformanceAnalysis.framework/Versions/A/PerformanceAnalysis
0x00007fff518a6000 	/System/Library/Frameworks/OpenGL.framework/Versions/A/OpenGL
0x00007fff46f1b000 	/System/Library/Frameworks/ColorSync.framework/Versions/A/ColorSync
0x00007fff4820e000 	/System/Library/Frameworks/CoreImage.framework/Versions/A/CoreImage
0x00007fff49430000 	/System/Library/Frameworks/CoreText.framework/Versions/A/CoreText
0x00007fff4a29f000 	/System/Library/Frameworks/ImageIO.framework/Versions/A/ImageIO
0x00007fff58d7d000 	/System/Library/PrivateFrameworks/Backup.framework/Versions/A/Backup
0x00007fff71e9b000 	/usr/lib/libarchive.2.dylib
0x00007fff4661e000 	/System/Library/Frameworks/CFNetwork.framework/Versions/A/CFNetwork
0x00007fff53960000 	/System/Library/Frameworks/SystemConfiguration.framework/Versions/A/SystemConfiguration
0x00007fff7195c000 	/usr/lib/libCRFSuite.dylib
0x00007fff7203f000 	/usr/lib/libc++.1.dylib
0x00007fff72097000 	/usr/lib/libc++abi.dylib
0x00007fff747f1000 	/usr/lib/system/libcache.dylib
0x00007fff747f6000 	/usr/lib/system/libcommonCrypto.dylib
0x00007fff74801000 	/usr/lib/system/libcompiler_rt.dylib
0x00007fff74809000 	/usr/lib/system/libcopyfile.dylib
0x00007fff74813000 	/usr/lib/system/libcorecrypto.dylib
0x00007fff7491e000 	/usr/lib/system/libdispatch.dylib
0x00007fff74959000 	/usr/lib/system/libdyld.dylib
0x00007fff74989000 	/usr/lib/system/libkeymgr.dylib
0x00007fff74997000 	/usr/lib/system/liblaunch.dylib
0x00007fff74998000 	/usr/lib/system/libmacho.dylib
0x00007fff7499e000 	/usr/lib/system/libquarantine.dylib
0x00007fff749a1000 	/usr/lib/system/libremovefile.dylib
0x00007fff749a3000 	/usr/lib/system/libsystem_asl.dylib
0x00007fff749bb000 	/usr/lib/system/libsystem_blocks.dylib
0x00007fff749bc000 	/usr/lib/system/libsystem_c.dylib
0x00007fff74a45000 	/usr/lib/system/libsystem_configuration.dylib
0x00007fff74a49000 	/usr/lib/system/libsystem_coreservices.dylib
0x00007fff74a4d000 	/usr/lib/system/libsystem_darwin.dylib
0x00007fff74a54000 	/usr/lib/system/libsystem_dnssd.dylib
0x00007fff74a5b000 	/usr/lib/system/libsystem_info.dylib
0x00007fff74ad0000 	/usr/lib/system/libsystem_m.dylib
0x00007fff74b1c000 	/usr/lib/system/libsystem_malloc.dylib
0x00007fff74b41000 	/usr/lib/system/libsystem_networkextension.dylib
0x00007fff74b4d000 	/usr/lib/system/libsystem_notify.dylib
0x00007fff74b6a000 	/usr/lib/system/libsystem_sandbox.dylib
0x00007fff74b6e000 	/usr/lib/system/libsystem_secinit.dylib
0x00007fff74aa8000 	/usr/lib/system/libsystem_kernel.dylib
0x00007fff74b55000 	/usr/lib/system/libsystem_platform.dylib
0x00007fff74b5f000 	/usr/lib/system/libsystem_pthread.dylib
0x00007fff74b71000 	/usr/lib/system/libsystem_symptoms.dylib
0x00007fff74b79000 	/usr/lib/system/libsystem_trace.dylib
0x00007fff74b90000 	/usr/lib/system/libunwind.dylib
0x00007fff74b96000 	/usr/lib/system/libxpc.dylib
0x00007fff7201f000 	/usr/lib/libbsm.0.dylib
0x00007fff7498a000 	/usr/lib/system/libkxld.dylib
0x00007fff5802b000 	/System/Library/PrivateFrameworks/AppleFSCompression.framework/Versions/A/AppleFSCompression
0x00007fff71ca4000 	/usr/lib/libOpenScriptingUtil.dylib
0x00007fff72382000 	/usr/lib/libcoretls.dylib
0x00007fff72399000 	/usr/lib/libcoretls_cfhelpers.dylib
0x00007fff74024000 	/usr/lib/libpam.2.dylib
0x00007fff741e7000 	/usr/lib/libsqlite3.dylib
0x00007fff7464f000 	/usr/lib/libxar.1.dylib
0x00007fff72030000 	/usr/lib/libbz2.1.0.dylib
0x00007fff72fac000 	/usr/lib/liblzma.5.dylib
0x00007fff734a2000 	/usr/lib/libnetwork.dylib
0x00007fff71e84000 	/usr/lib/libapple_nghttp2.dylib
0x00007fff7402b000 	/usr/lib/libpcap.A.dylib
0x00007fff48d91000 	/System/Library/Frameworks/CoreServices.framework/Versions/A/Frameworks/FSEvents.framework/Versions/A/FSEvents
0x00007fff48a6d000 	/System/Library/Frameworks/CoreServices.framework/Versions/A/Frameworks/CarbonCore.framework/Versions/A/CarbonCore
0x00007fff48f66000 	/System/Library/Frameworks/CoreServices.framework/Versions/A/Frameworks/Metadata.framework/Versions/A/Metadata
0x00007fff49009000 	/System/Library/Frameworks/CoreServices.framework/Versions/A/Frameworks/OSServices.framework/Versions/A/OSServices
0x00007fff49055000 	/System/Library/Frameworks/CoreServices.framework/Versions/A/Frameworks/SearchKit.framework/Versions/A/SearchKit
0x00007fff489ee000 	/System/Library/Frameworks/CoreServices.framework/Versions/A/Frameworks/AE.framework/Versions/A/AE
0x00007fff48d9a000 	/System/Library/Frameworks/CoreServices.framework/Versions/A/Frameworks/LaunchServices.framework/Versions/A/LaunchServices
0x00007fff48d46000 	/System/Library/Frameworks/CoreServices.framework/Versions/A/Frameworks/DictionaryServices.framework/Versions/A/DictionaryServices
0x00007fff490c4000 	/System/Library/Frameworks/CoreServices.framework/Versions/A/Frameworks/SharedFileList.framework/Versions/A/SharedFileList
0x00007fff4d837000 	/System/Library/Frameworks/NetFS.framework/Versions/A/NetFS
0x00007fff67226000 	/System/Library/PrivateFrameworks/NetAuth.framework/Versions/A/NetAuth
0x00007fff716a0000 	/System/Library/PrivateFrameworks/login.framework/Versions/A/Frameworks/loginsupport.framework/Versions/A/loginsupport
0x00007fff6f6b3000 	/System/Library/PrivateFrameworks/TCC.framework/Versions/A/TCC
0x00007fff5bd47000 	/System/Library/PrivateFrameworks/CoreNLP.framework/Versions/A/CoreNLP
0x00007fff66c57000 	/System/Library/PrivateFrameworks/MetadataUtilities.framework/Versions/A/MetadataUtilities
0x00007fff7308d000 	/usr/lib/libmecabra.dylib
0x00007fff45b18000 	/System/Library/Frameworks/ApplicationServices.framework/Versions/A/Frameworks/ATS.framework/Versions/A/ATS
0x00007fff45e83000 	/System/Library/Frameworks/ApplicationServices.framework/Versions/A/Frameworks/ColorSyncLegacy.framework/Versions/A/ColorSyncLegacy
0x00007fff45f24000 	/System/Library/Frameworks/ApplicationServices.framework/Versions/A/Frameworks/HIServices.framework/Versions/A/HIServices
0x00007fff45f77000 	/System/Library/Frameworks/ApplicationServices.framework/Versions/A/Frameworks/LangAnalysis.framework/Versions/A/LangAnalysis
0x00007fff45f86000 	/System/Library/Frameworks/ApplicationServices.framework/Versions/A/Frameworks/PrintCore.framework/Versions/A/PrintCore
0x00007fff45fd3000 	/System/Library/Frameworks/ApplicationServices.framework/Versions/A/Frameworks/QD.framework/Versions/A/QD
0x00007fff4600f000 	/System/Library/Frameworks/ApplicationServices.framework/Versions/A/Frameworks/SpeechSynthesis.framework/Versions/A/SpeechSynthesis
0x00007fff720bf000 	/usr/lib/libcompression.dylib
0x00007fff47646000 	/System/Library/Frameworks/CoreDisplay.framework/Versions/A/CoreDisplay
0x00007fff4c638000 	/System/Library/Frameworks/MetalPerformanceShaders.framework/Versions/A/MetalPerformanceShaders
0x00007fff43a78000 	/System/Library/Frameworks/Accelerate.framework/Versions/A/Frameworks/vImage.framework/Versions/A/vImage
0x00007fff44af4000 	/System/Library/Frameworks/Accelerate.framework/Versions/A/Frameworks/vecLib.framework/Versions/A/vecLib
0x00007fff44a3e000 	/System/Library/Frameworks/Accelerate.framework/Versions/A/Frameworks/vecLib.framework/Versions/A/libvMisc.dylib
0x00007fff44859000 	/System/Library/Frameworks/Accelerate.framework/Versions/A/Frameworks/vecLib.framework/Versions/A/libvDSP.dylib
0x00007fff44119000 	/System/Library/Frameworks/Accelerate.framework/Versions/A/Frameworks/vecLib.framework/Versions/A/libBLAS.dylib
0x00007fff44404000 	/System/Library/Frameworks/Accelerate.framework/Versions/A/Frameworks/vecLib.framework/Versions/A/libLAPACK.dylib
0x00007fff447ab000 	/System/Library/Frameworks/Accelerate.framework/Versions/A/Frameworks/vecLib.framework/Versions/A/libLinearAlgebra.dylib
0x00007fff44845000 	/System/Library/Frameworks/Accelerate.framework/Versions/A/Frameworks/vecLib.framework/Versions/A/libSparseBLAS.dylib
0x00007fff447c1000 	/System/Library/Frameworks/Accelerate.framework/Versions/A/Frameworks/vecLib.framework/Versions/A/libQuadrature.dylib
0x00007fff44391000 	/System/Library/Frameworks/Accelerate.framework/Versions/A/Frameworks/vecLib.framework/Versions/A/libBNNS.dylib
0x00007fff447c7000 	/System/Library/Frameworks/Accelerate.framework/Versions/A/Frameworks/vecLib.framework/Versions/A/libSparse.dylib
0x00007fff63254000 	/System/Library/PrivateFrameworks/GPUWrangler.framework/Versions/A/GPUWrangler
0x00007fff65680000 	/System/Library/PrivateFrameworks/IOAccelerator.framework/Versions/A/IOAccelerator
0x00007fff6568b000 	/System/Library/PrivateFrameworks/IOPresentment.framework/Versions/A/IOPresentment
0x00007fff5cb35000 	/System/Library/PrivateFrameworks/DSExternalDisplay.framework/Versions/A/DSExternalDisplay
0x00007fff50ceb000 	/System/Library/Frameworks/OpenGL.framework/Versions/A/Libraries/libCoreFSCache.dylib
0x00007fff4c420000 	/System/Library/Frameworks/MetalPerformanceShaders.framework/Frameworks/MPSCore.framework/Versions/A/MPSCore
0x00007fff4c441000 	/System/Library/Frameworks/MetalPerformanceShaders.framework/Frameworks/MPSImage.framework/Versions/A/MPSImage
0x00007fff4c4e9000 	/System/Library/Frameworks/MetalPerformanceShaders.framework/Frameworks/MPSNeuralNetwork.framework/Versions/A/MPSNeuralNetwork
0x00007fff4c4c0000 	/System/Library/Frameworks/MetalPerformanceShaders.framework/Frameworks/MPSMatrix.framework/Versions/A/MPSMatrix
0x00007fff4c61c000 	/System/Library/Frameworks/MetalPerformanceShaders.framework/Frameworks/MPSRayIntersector.framework/Versions/A/MPSRayIntersector
0x00007fff66c80000 	/System/Library/PrivateFrameworks/MetalTools.framework/Versions/A/MetalTools
0x00007fff57726000 	/System/Library/PrivateFrameworks/AggregateDictionary.framework/Versions/A/AggregateDictionary
0x00007fff71c84000 	/usr/lib/libMobileGestalt.dylib
0x00007fff49596000 	/System/Library/Frameworks/CoreVideo.framework/Versions/A/CoreVideo
0x00007fff640bf000 	/System/Library/PrivateFrameworks/GraphVisualizer.framework/Versions/A/GraphVisualizer
0x00007fff5de64000 	/System/Library/PrivateFrameworks/FaceCore.framework/Versions/A/FaceCore
0x00007fff50303000 	/System/Library/Frameworks/OpenCL.framework/Versions/A/OpenCL
0x00007fff71a6b000 	/usr/lib/libFosl_dynamic.dylib
0x00007fff67afc000 	/System/Library/PrivateFrameworks/OTSVG.framework/Versions/A/OTSVG
0x00007fff45c1c000 	/System/Library/Frameworks/ApplicationServices.framework/Versions/A/Frameworks/ATS.framework/Versions/A/Resources/libFontParser.dylib
0x00007fff45d3c000 	/System/Library/Frameworks/ApplicationServices.framework/Versions/A/Frameworks/ATS.framework/Versions/A/Resources/libFontRegistry.dylib
0x00007fff4a529000 	/System/Library/Frameworks/ImageIO.framework/Versions/A/Resources/libJPEG.dylib
0x00007fff4a84b000 	/System/Library/Frameworks/ImageIO.framework/Versions/A/Resources/libTIFF.dylib
0x00007fff4a821000 	/System/Library/Frameworks/ImageIO.framework/Versions/A/Resources/libPng.dylib
0x00007fff4a43e000 	/System/Library/Frameworks/ImageIO.framework/Versions/A/Resources/libGIF.dylib
0x00007fff4a443000 	/System/Library/Frameworks/ImageIO.framework/Versions/A/Resources/libJP2.dylib
0x00007fff4a848000 	/System/Library/Frameworks/ImageIO.framework/Versions/A/Resources/libRadiance.dylib
0x00007fff58184000 	/System/Library/PrivateFrameworks/AppleJPEG.framework/Versions/A/AppleJPEG
0x00007fff50cf6000 	/System/Library/Frameworks/OpenGL.framework/Versions/A/Libraries/libGFXShared.dylib
0x00007fff50eb9000 	/System/Library/Frameworks/OpenGL.framework/Versions/A/Libraries/libGLU.dylib
0x00007fff50cff000 	/System/Library/Frameworks/OpenGL.framework/Versions/A/Libraries/libGL.dylib
0x00007fff50d0b000 	/System/Library/Frameworks/OpenGL.framework/Versions/A/Libraries/libGLImage.dylib
0x00007fff50ce8000 	/System/Library/Frameworks/OpenGL.framework/Versions/A/Libraries/libCVMSPluginSupport.dylib
0x00007fff50cf1000 	/System/Library/Frameworks/OpenGL.framework/Versions/A/Libraries/libCoreVMClient.dylib
0x00007fff72a11000 	/usr/lib/libcups.2.dylib
0x00007fff4b936000 	/System/Library/Frameworks/Kerberos.framework/Versions/A/Kerberos
0x00007fff49ef4000 	/System/Library/Frameworks/GSS.framework/Versions/A/GSS
0x00007fff7417b000 	/usr/lib/libresolv.9.dylib
0x00007fff72c08000 	/usr/lib/libiconv.2.dylib
0x00007fff6421f000 	/System/Library/PrivateFrameworks/Heimdal.framework/Versions/A/Heimdal
0x00007fff72bd7000 	/usr/lib/libheimdal-asn1.dylib
0x00007fff50379000 	/System/Library/Frameworks/OpenDirectory.framework/Versions/A/OpenDirectory
0x00007fff5aa42000 	/System/Library/PrivateFrameworks/CommonAuth.framework/Versions/A/CommonAuth
0x00007fff5035c000 	/System/Library/Frameworks/OpenDirectory.framework/Versions/A/Frameworks/CFOpenDirectory.framework/Versions/A/CFOpenDirectory
0x00007fff534de000 	/System/Library/Frameworks/SecurityFoundation.framework/Versions/A/SecurityFoundation
0x00007fff56c37000 	/System/Library/PrivateFrameworks/APFS.framework/Versions/A/APFS
0x00007fff7464b000 	/usr/lib/libutil.dylib
0x00007fff720ad000 	/usr/lib/libcharset.1.dylib
0x00007fff5841f000 	/System/Library/PrivateFrameworks/AppleSauce.framework/Versions/A/AppleSauce
0x00007fff585ad000 	/System/Library/PrivateFrameworks/AssertionServices.framework/Versions/A/AssertionServices
0x00007fff58e20000 	/System/Library/PrivateFrameworks/BaseBoard.framework/Versions/A/BaseBoard
0x00007fff72fdc000 	/usr/lib/libmecab.1.0.0.dylib
0x00007fff72bd1000 	/usr/lib/libgermantok.dylib
0x00007fff71e70000 	/usr/lib/libThaiTokenizer.dylib
0x00007fff71997000 	/usr/lib/libChineseTokenizer.dylib
0x00007fff65db5000 	/System/Library/PrivateFrameworks/LanguageModeling.framework/Versions/A/LanguageModeling
0x00007fff5b75d000 	/System/Library/PrivateFrameworks/CoreEmoji.framework/Versions/A/CoreEmoji
0x00007fff65ead000 	/System/Library/PrivateFrameworks/Lexicon.framework/Versions/A/Lexicon
0x00007fff65ef5000 	/System/Library/PrivateFrameworks/LinguisticData.framework/Versions/A/LinguisticData
0x00007fff720ae000 	/usr/lib/libcmph.dylib
0x00007fff5359f000 	/System/Library/Frameworks/ServiceManagement.framework/Versions/A/ServiceManagement
0x00007fff58d73000 	/System/Library/PrivateFrameworks/BackgroundTaskManagement.framework/Versions/A/BackgroundTaskManagement
0x00007fff74745000 	/usr/lib/libxslt.1.dylib
0x00007fff46d0b000 	/System/Library/Frameworks/Carbon.framework/Versions/A/Frameworks/Ink.framework/Versions/A/Ink
0x00007fff6f932000 	/System/Library/PrivateFrameworks/TextureIO.framework/Versions/A/TextureIO
0x00007fff71ec5000 	/usr/lib/libate.dylib
0x00007fff5ca91000 	/System/Library/PrivateFrameworks/CrashReporterSupport.framework/Versions/A/CrashReporterSupport
0x00007fff6c95e000 	/System/Library/PrivateFrameworks/Sharing.framework/Versions/A/Sharing
0x00007fff588ff000 	/System/Library/PrivateFrameworks/AuthKit.framework/Versions/A/AuthKit
0x00007fff57d23000 	/System/Library/PrivateFrameworks/Apple80211.framework/Versions/A/Apple80211
0x00007fff5c851000 	/System/Library/PrivateFrameworks/CoreUtils.framework/Versions/A/CoreUtils
0x00007fff495d4000 	/System/Library/Frameworks/CoreWLAN.framework/Versions/A/CoreWLAN
0x00007fff4a03e000 	/System/Library/Frameworks/IOBluetooth.framework/Versions/A/IOBluetooth
0x00007fff6ac87000 	/System/Library/PrivateFrameworks/ProtocolBuffer.framework/Versions/A/ProtocolBuffer
0x00007fff66ee0000 	/System/Library/PrivateFrameworks/MobileKeyBag.framework/Versions/A/MobileKeyBag
0x00007fff5c074000 	/System/Library/PrivateFrameworks/CorePhoneNumbers.framework/Versions/A/CorePhoneNumbers
0x00007fff58138000 	/System/Library/PrivateFrameworks/AppleIDAuthSupport.framework/Versions/A/AppleIDAuthSupport
0x00007fff65d87000 	/System/Library/PrivateFrameworks/KeychainCircle.framework/Versions/A/KeychainCircle
0x00007fff6ae54000 	/System/Library/PrivateFrameworks/ROCKit.framework/Versions/A/ROCKit
0x00007fff5ca2d000 	/System/Library/PrivateFrameworks/CoreWiFi.framework/Versions/A/CoreWiFi
0x00007fff47278000 	/System/Library/Frameworks/CoreBluetooth.framework/Versions/A/CoreBluetooth
0x00007fff5cc81000 	/System/Library/PrivateFrameworks/DebugSymbols.framework/Versions/A/DebugSymbols
0x00007fff5c606000 	/System/Library/PrivateFrameworks/CoreSymbolication.framework/Versions/A/CoreSymbolication
0x00007fff6f11d000 	/System/Library/PrivateFrameworks/Symbolication.framework/Versions/A/Symbolication
0x00007fff6e2b0000 	/System/Library/PrivateFrameworks/SpeechRecognitionCore.framework/Versions/A/SpeechRecognitionCore
0x000000010c600000 	/Library/Java/JavaVirtualMachines/jdk1.8.0_191.jdk/Contents/Home/jre/lib/server/libjvm.dylib
0x00007fff7450f000 	/usr/lib/libstdc++.6.dylib
0x000000010b598000 	/Library/Java/JavaVirtualMachines/jdk1.8.0_191.jdk/Contents/Home/jre/lib/libverify.dylib
0x000000010b5a6000 	/Library/Java/JavaVirtualMachines/jdk1.8.0_191.jdk/Contents/Home/jre/lib/libjava.dylib
0x000000010b5e6000 	/Library/Java/JavaVirtualMachines/jdk1.8.0_191.jdk/Contents/Home/jre/lib/libzip.dylib
0x0000000123cd9000 	/Library/Java/JavaVirtualMachines/jdk1.8.0_191.jdk/Contents/Home/jre/lib/libawt.dylib
0x0000000123d83000 	/Library/Java/JavaVirtualMachines/jdk1.8.0_191.jdk/Contents/Home/jre/lib/./libmlib_image.dylib
0x00007fff4b91f000 	/System/Library/Frameworks/JavaVM.framework/Versions/A/Frameworks/JavaNativeFoundation.framework/Versions/A/JavaNativeFoundation
0x00007fff4b928000 	/System/Library/Frameworks/JavaVM.framework/Versions/A/Frameworks/JavaRuntimeSupport.framework/Versions/A/JavaRuntimeSupport
0x00007fff4b931000 	/System/Library/Frameworks/JavaVM.framework/Versions/A/JavaVM
0x00007fff65c9e000 	/System/Library/PrivateFrameworks/JavaLaunching.framework/Versions/A/JavaLaunching
0x00007fff469f4000 	/System/Library/Frameworks/Carbon.framework/Versions/A/Carbon
0x00007fff469f5000 	/System/Library/Frameworks/Carbon.framework/Versions/A/Frameworks/CommonPanels.framework/Versions/A/CommonPanels
0x00007fff46d01000 	/System/Library/Frameworks/Carbon.framework/Versions/A/Frameworks/Help.framework/Versions/A/Help
0x00007fff46d05000 	/System/Library/Frameworks/Carbon.framework/Versions/A/Frameworks/ImageCapture.framework/Versions/A/ImageCapture
0x00007fff46da0000 	/System/Library/Frameworks/Carbon.framework/Versions/A/Frameworks/OpenScripting.framework/Versions/A/OpenScripting
0x00007fff46ddb000 	/System/Library/Frameworks/Carbon.framework/Versions/A/Frameworks/Print.framework/Versions/A/Print
0x00007fff46ddd000 	/System/Library/Frameworks/Carbon.framework/Versions/A/Frameworks/SecurityHI.framework/Versions/A/SecurityHI
0x0000000123e4f000 	/Library/Java/JavaVirtualMachines/jdk1.8.0_191.jdk/Contents/Home/jre/lib/libawt_lwawt.dylib
0x0000000123f09000 	/Library/Java/JavaVirtualMachines/jdk1.8.0_191.jdk/Contents/Home/jre/lib/./libosxapp.dylib
0x00007fff49a8d000 	/System/Library/Frameworks/ExceptionHandling.framework/Versions/A/ExceptionHandling
0x00007fff5c20b000 	/System/Library/PrivateFrameworks/CoreServicesInternal.framework/Versions/A/CoreServicesInternal
0x00007fff3d59a000 	/System/Library/CoreServices/RawCamera.bundle/Contents/MacOS/RawCamera
0x00007fff66d27000 	/System/Library/PrivateFrameworks/MobileAsset.framework/Versions/A/MobileAsset
0x00007fff6e9a1000 	/System/Library/PrivateFrameworks/StreamingZip.framework/Versions/A/StreamingZip
0x00007fff4bcd1000 	/System/Library/Frameworks/MediaToolbox.framework/Versions/A/MediaToolbox
0x00007fff5b2e3000 	/System/Library/PrivateFrameworks/CoreAVCHD.framework/Versions/A/CoreAVCHD
0x00007fff4bc0d000 	/System/Library/Frameworks/MediaAccessibility.framework/Versions/A/MediaAccessibility
0x00007fff66759000 	/System/Library/PrivateFrameworks/Mangrove.framework/Versions/A/Mangrove
0x00007fff48888000 	/System/Library/Frameworks/CoreMedia.framework/Versions/A/CoreMedia
0x00007fff53c31000 	/System/Library/Frameworks/VideoToolbox.framework/Versions/A/VideoToolbox
0x00007fff5af0b000 	/System/Library/PrivateFrameworks/CoreAUC.framework/Versions/A/CoreAUC
0x00007fff741e5000 	/usr/lib/libspindump.dylib
0x00007fff58512000 	/System/Library/PrivateFrameworks/AppleVA.framework/Versions/A/AppleVA
0x00007fff43a61000 	/System/Library/Frameworks/Accelerate.framework/Versions/A/Frameworks/vImage.framework/Versions/A/Libraries/libCGInterfaces.dylib
0x00007fff45de6000 	/System/Library/Frameworks/ApplicationServices.framework/Versions/A/Frameworks/ATS.framework/Versions/A/Resources/libTrueTypeScaler.dylib
0x00007fff40d09000 	/System/Library/Extensions/AppleIntelKBLGraphicsMTLDriver.bundle/Contents/MacOS/AppleIntelKBLGraphicsMTLDriver
0x00007fff61bae000 	/System/Library/PrivateFrameworks/GPUCompiler.framework/Versions/3902/Libraries/libmetal_timestamp.dylib
0x00007fff5e296000 	/System/Library/PrivateFrameworks/FamilyControls.framework/Versions/A/FamilyControls
0x00007fff5aa35000 	/System/Library/PrivateFrameworks/CommerceKit.framework/Versions/A/Frameworks/CommerceCore.framework/Versions/A/CommerceCore
0x00007fff6f406000 	/System/Library/PrivateFrameworks/SystemAdministration.framework/Versions/A/SystemAdministration
0x00007fff57c1e000 	/System/Library/PrivateFrameworks/AppContainer.framework/Versions/A/AppContainer
0x00007fff57c3b000 	/System/Library/PrivateFrameworks/AppSandbox.framework/Versions/A/AppSandbox
0x00007fff6c7f6000 	/System/Library/PrivateFrameworks/SecCodeWrapper.framework/Versions/A/SecCodeWrapper
0x00007fff74195000 	/usr/lib/libsandbox.1.dylib
0x00007fff71c4f000 	/usr/lib/libMatch.1.dylib
0x00007fff5d021000 	/System/Library/PrivateFrameworks/DiskManagement.framework/Versions/A/DiskManagement
0x00007fff497fa000 	/System/Library/Frameworks/DirectoryService.framework/Versions/A/DirectoryService
0x00007fff5cf4e000 	/System/Library/PrivateFrameworks/DiskImages.framework/Versions/A/DiskImages
0x00007fff65ff4000 	/System/Library/PrivateFrameworks/LoginUIKit.framework/Versions/A/Frameworks/LoginUICore.framework/Versions/A/LoginUICore
0x00007fff719a3000 	/usr/lib/libCoreStorage.dylib
0x00007fff729fd000 	/usr/lib/libcsfde.dylib
0x00007fff74012000 	/usr/lib/libodfde.dylib
0x00007fff6687a000 	/System/Library/PrivateFrameworks/MediaKit.framework/Versions/A/MediaKit
0x00007fff49806000 	/System/Library/Frameworks/DiscRecording.framework/Versions/A/DiscRecording
0x00007fff5d18e000 	/System/Library/PrivateFrameworks/EFILogin.framework/Versions/A/EFILogin
0x00007fff6ac2f000 	/System/Library/PrivateFrameworks/ProtectedCloudStorage.framework/Versions/A/ProtectedCloudStorage
0x00007fff72a91000 	/usr/lib/libcurl.4.dylib
0x00007fff72864000 	/usr/lib/libcrypto.42.dylib
0x00007fff744c1000 	/usr/lib/libssl.44.dylib
0x00007fff4b950000 	/System/Library/Frameworks/LDAP.framework/Versions/A/LDAP
0x00007fff6fab3000 	/System/Library/PrivateFrameworks/TrustEvaluationAgent.framework/Versions/A/TrustEvaluationAgent
0x00007fff741d2000 	/usr/lib/libsasl2.2.dylib
0x00007fff5b542000 	/System/Library/PrivateFrameworks/CoreDaemon.framework/Versions/B/CoreDaemon
0x00007fff5841a000 	/System/Library/PrivateFrameworks/AppleSRP.framework/Versions/A/AppleSRP
0x00007fff70963000 	/System/Library/PrivateFrameworks/ViewBridge.framework/Versions/A/ViewBridge
0x0000000125ea8000 	/usr/lib/libobjc-trampolines.dylib
0x0000000128b22000 	/Library/Java/JavaVirtualMachines/jdk1.8.0_191.jdk/Contents/Home/jre/lib/libfontmanager.dylib
0x00007fff518b6000 	/System/Library/Frameworks/OpenGL.framework/Versions/A/Resources/GLEngine.bundle/GLEngine
0x00007fff50d46000 	/System/Library/Frameworks/OpenGL.framework/Versions/A/Libraries/libGLProgrammability.dylib
0x00007fff3ff27000 	/System/Library/Extensions/AppleIntelKBLGraphicsGLDriver.bundle/Contents/MacOS/AppleIntelKBLGraphicsGLDriver
0x00007fff63248000 	/System/Library/PrivateFrameworks/GPUSupport.framework/Versions/A/Libraries/libGPUSupportMercury.dylib
0x00007fff51a4d000 	/System/Library/Frameworks/OpenGL.framework/Versions/A/Resources/GLRendererFloat.bundle/GLRendererFloat
0x00007fff502fa000 	/System/Library/Frameworks/OpenCL.framework/Versions/A/Libraries/libcldcpuengine.dylib
0x00007fff72539000 	/usr/lib/libcrypto.35.dylib
0x00000001298c5000 	/Library/Java/JavaVirtualMachines/jdk1.8.0_191.jdk/Contents/Home/jre/lib/libnet.dylib
0x00000001298dc000 	/Library/Java/JavaVirtualMachines/jdk1.8.0_191.jdk/Contents/Home/jre/lib/libosxui.dylib
0x000000012b9d6000 	/Library/Java/JavaVirtualMachines/jdk1.8.0_191.jdk/Contents/Home/jre/lib/libnio.dylib
0x00007fff716a3000 	/System/Library/PrivateFrameworks/login.framework/Versions/A/login

VM Arguments:
jvm_args: -Dfile.encoding=UTF-8 
java_command: baduren.CVM
java_class_path (initial): /Users/enzoportable/Documents/CPS/Projet2/CPS/bin:/Users/enzoportable/Documents/CPS/BCM4Java-30012020.jar
Launcher Type: SUN_STANDARD

Environment Variables:
PATH=/usr/bin:/bin:/usr/sbin:/sbin
SHELL=/bin/bash
DISPLAY=/private/tmp/com.apple.launchd.404JqA37g4/org.macosforge.xquartz:0

Signal Handlers:
SIGSEGV: [libjvm.dylib+0x5b5de9], sa_mask[0]=11111111011111110111111111111111, sa_flags=SA_ONSTACK|SA_RESTART|SA_SIGINFO
SIGBUS: [libjvm.dylib+0x5b5de9], sa_mask[0]=11111111011111110111111111111111, sa_flags=SA_RESTART|SA_SIGINFO
SIGFPE: [libjvm.dylib+0x48b6b0], sa_mask[0]=11111111011111110111111111111111, sa_flags=SA_RESTART|SA_SIGINFO
SIGPIPE: [libjvm.dylib+0x48b6b0], sa_mask[0]=11111111011111110111111111111111, sa_flags=SA_RESTART|SA_SIGINFO
SIGXFSZ: [libjvm.dylib+0x48b6b0], sa_mask[0]=11111111011111110111111111111111, sa_flags=SA_RESTART|SA_SIGINFO
SIGILL: [libjvm.dylib+0x48b6b0], sa_mask[0]=11111111011111110111111111111111, sa_flags=SA_RESTART|SA_SIGINFO
SIGUSR1: SIG_DFL, sa_mask[0]=00000000000000000000000000000000, sa_flags=none
SIGUSR2: [libjvm.dylib+0x48b1ce], sa_mask[0]=00100000000000000000000000000000, sa_flags=SA_RESTART|SA_SIGINFO
SIGHUP: [libjvm.dylib+0x489759], sa_mask[0]=11111111011111110111111111111111, sa_flags=SA_RESTART|SA_SIGINFO
SIGINT: [libjvm.dylib+0x489759], sa_mask[0]=11111111011111110111111111111111, sa_flags=SA_RESTART|SA_SIGINFO
SIGTERM: [libjvm.dylib+0x489759], sa_mask[0]=11111111011111110111111111111111, sa_flags=SA_RESTART|SA_SIGINFO
SIGQUIT: [libjvm.dylib+0x489759], sa_mask[0]=11111111011111110111111111111111, sa_flags=SA_RESTART|SA_SIGINFO


---------------  S Y S T E M  ---------------

OS:Bsduname:Darwin 18.2.0 Darwin Kernel Version 18.2.0: Fri Oct  5 19:41:49 PDT 2018; root:xnu-4903.221.2~2/RELEASE_X86_64 x86_64
rlimit: STACK 8192k, CORE 0k, NPROC 709, NOFILE 10240, AS infinity
load average:2.83 2.80 2.71

CPU:total 8 (initial active 8) (4 cores per cpu, 2 threads per core) family 6 model 142 stepping 10, cmov, cx8, fxsr, mmx, sse, sse2, sse3, ssse3, sse4.1, sse4.2, popcnt, avx, avx2, aes, clmul, erms, 3dnowpref, lzcnt, ht, tsc, tscinvbit, bmi1, bmi2, adx

Memory: 4k page, physical 8388608k(170724k free)

/proc/meminfo:


vm_info: Java HotSpot(TM) 64-Bit Server VM (25.191-b12) for bsd-amd64 JRE (1.8.0_191-b12), built on Oct  6 2018 08:37:07 by "java_re" with gcc 4.2.1 (Based on Apple Inc. build 5658) (LLVM build 2336.11.00)

time: Thu Feb 20 02:25:25 2020
elapsed time: 3600 seconds (0d 1h 0m 0s)

