1591458764339|starting broker component.
1591458766054|Message La semaine prochaine nous verrons PROMELA stocked to topic PC3R at the moment 1591458766
1591458766058|Message Je ferai cours sur TWITCH stocked to topic PC3R at the moment 1591458766
1591458766060|Message Je ferai cours sur TWITCH stocked to topic PAF at the moment 1591458766
1591458766060|Message Le sujet 0 sera à l'examen stocked to topic PAF at the moment 1591458766
1591458766061|Message Le sujet 1 sera à l'examen stocked to topic PAF at the moment 1591458766
1591458766061|Message Le sujet 2 sera à l'examen stocked to topic PAF at the moment 1591458766
1591458766061|Message Le Coronavirus est partout 7 stocked to topic CPS at the moment 1591458766
1591458766061|Message Le Coronavirus est partout 8 stocked to topic CPS at the moment 1591458766
1591458766062|Message Le Coronavirus est partout 9 stocked to topic CPS at the moment 1591458766
1591458766062|Message Le Coronavirus est partout 10 stocked to topic CPS at the moment 1591458766
1591458766062|Message Le Coronavirus est partout 11 stocked to topic CPS at the moment 1591458766
1591458766062|Message Le Coronavirus est partout 12 stocked to topic CPS at the moment 1591458766
1591458766062|Message Le Coronavirus est partout 13 stocked to topic CPS at the moment 1591458766
1591458766063|Message Le Coronavirus est partout 14 stocked to topic CPS at the moment 1591458766
1591458766063|Message Le Coronavirus est partout 15 stocked to topic CPS at the moment 1591458766
1591458766063|Message Le Coronavirus est partout 16 stocked to topic CPS at the moment 1591458766
1591458766063|Message Le Coronavirus est partout 17 stocked to topic CPS at the moment 1591458766
1591458766063|Message Le Coronavirus est partout 18 stocked to topic CPS at the moment 1591458766
1591458766063|Message Le Coronavirus est partout 19 stocked to topic CPS at the moment 1591458766
1591458766064|Message Le Coronavirus est partout 20 stocked to topic CPS at the moment 1591458766
1591458766064|Message Le Coronavirus est partout 21 stocked to topic CPS at the moment 1591458766
1591458766064|Message Le Coronavirus est partout 22 stocked to topic CPS at the moment 1591458766
1591458766064|Message Le Coronavirus est partout 23 stocked to topic CPS at the moment 1591458766
1591458766064|Message Le Coronavirus est partout 24 stocked to topic CPS at the moment 1591458766
1591458766065|Message Le Coronavirus est partout 25 stocked to topic CPS at the moment 1591458766
1591458766065|Message Le Coronavirus est partout 26 stocked to topic CPS at the moment 1591458766
1591458766065|Message Le Coronavirus est partout 27 stocked to topic CPS at the moment 1591458766
1591458766065|Message Le Coronavirus est partout 28 stocked to topic CPS at the moment 1591458766
1591458766065|Message Le Coronavirus est partout 29 stocked to topic CPS at the moment 1591458766
1591458766065|Message Le Coronavirus est partout 30 stocked to topic CPS at the moment 1591458766
1591458766066|Message Le Coronavirus est partout 31 stocked to topic CPS at the moment 1591458766
1591458766066|Message Le Coronavirus est partout 32 stocked to topic CPS at the moment 1591458766
1591458766066|Message Le Coronavirus est partout 33 stocked to topic CPS at the moment 1591458766
1591458766066|Message Le Coronavirus est partout 34 stocked to topic CPS at the moment 1591458766
1591458766066|Message Le Coronavirus est partout 35 stocked to topic CPS at the moment 1591458766
1591458766066|Message Le Coronavirus est partout 36 stocked to topic CPS at the moment 1591458766
1591458766067|Message Le Coronavirus est partout 37 stocked to topic CPS at the moment 1591458766
1591458766067|Message Le Coronavirus est partout 38 stocked to topic CPS at the moment 1591458766
1591458766067|Message Le Coronavirus est partout 39 stocked to topic CPS at the moment 1591458766
1591458766067|Message Le Coronavirus est partout 40 stocked to topic CPS at the moment 1591458766
1591458766068|Message Je ferai cours sur TWITCH lundi  stocked to topic PC3R at the moment 1591458766
1591458766068|Message Je ferai cours sur TWITCH lundi  stocked to topic PAF at the moment 1591458766
1591458766068|Message Je ferai cours sur TWITCH jeudi stocked to topic PC3R at the moment 1591458766
1591458766068|Message Je ferai cours sur TWITCH jeudi stocked to topic PAF at the moment 1591458766
1591458766068|Message Je ferai cours sur TWITCH vendredi stocked to topic PC3R at the moment 1591458766
1591458766068|Message Je ferai cours sur TWITCH vendredi stocked to topic PAF at the moment 1591458766
1591458766069|Message Le Coronavirus est partout 41 stocked to topic CPS at the moment 1591458766
1591458766074|Message Le Coronavirus est partout 43 stocked to topic CPS at the moment 1591458766
1591458766075|Message Le Coronavirus est partout 44 stocked to topic CPS at the moment 1591458766
1591458766075|Message Le Coronavirus est partout 45 stocked to topic CPS at the moment 1591458766
1591458766076|Message Le Coronavirus est partout 46 stocked to topic CPS at the moment 1591458766
1591458766076|Message Le Coronavirus est partout 47 stocked to topic CPS at the moment 1591458766
1591458766076|Message Le Coronavirus est partout 48 stocked to topic CPS at the moment 1591458766
1591458766076|Message Le Coronavirus est partout 49 stocked to topic CPS at the moment 1591458766
1591458766076|Message Le Coronavirus est partout 0 stocked to topic CPS at the moment 1591458766
1591458766077|Message Le Coronavirus est partout 1 stocked to topic CPS at the moment 1591458766
1591458766077|Message Le Coronavirus est partout 2 stocked to topic CPS at the moment 1591458766
1591458766078|Message Le Coronavirus est partout 3 stocked to topic CPS at the moment 1591458766
1591458766078|Message Le Coronavirus est partout 4 stocked to topic CPS at the moment 1591458766
1591458766078|Message Le Coronavirus est partout 5 stocked to topic CPS at the moment 1591458766
1591458766078|Message Le Coronavirus est partout 6 stocked to topic CPS at the moment 1591458766
1591458766079|Message Le Coronavirus est partout 42 stocked to topic CPS at the moment 1591458766
1591458766365|Subscribed student2 to topic PAF with no filter
1591458766365|Subscribed student2 to topic APS with no filter
1591458766367|Subscribed student2 to topic PC3R with no filter
1591458766368|Subscribed student2 to topic CPS with no filter
1591458766445|Suppression des messages Je ferai cours sur TWITCH du topic PAF
1591458766450|Suppression des messages Le sujet 0 sera à l'examen du topic PAF
1591458766450|Suppression des messages Le sujet 1 sera à l'examen du topic PAF
1591458766451|Suppression des messages Le sujet 2 sera à l'examen du topic PAF
1591458766451|Suppression des messages Je ferai cours sur TWITCH lundi  du topic PAF
1591458766451|Suppression des messages Je ferai cours sur TWITCH jeudi du topic PAF
1591458766451|Suppression des messages Je ferai cours sur TWITCH vendredi du topic PAF
1591458766451|Suppression des messages La semaine prochaine nous verrons PROMELA du topic PC3R
1591458766452|Suppression des messages Je ferai cours sur TWITCH du topic PC3R
1591458766452|Suppression des messages Je ferai cours sur TWITCH lundi  du topic PC3R
1591458766452|Suppression des messages Je ferai cours sur TWITCH jeudi du topic PC3R
1591458766452|Suppression des messages Je ferai cours sur TWITCH vendredi du topic PC3R
1591458766452|Suppression des messages Le Coronavirus est partout 7 du topic CPS
1591458766452|Suppression des messages Le Coronavirus est partout 8 du topic CPS
1591458766480|Suppression des messages Le Coronavirus est partout 9 du topic CPS
1591458766480|Suppression des messages Le Coronavirus est partout 10 du topic CPS
1591458766480|Suppression des messages Le Coronavirus est partout 11 du topic CPS
1591458766480|Suppression des messages Le Coronavirus est partout 12 du topic CPS
1591458766481|Suppression des messages Le Coronavirus est partout 13 du topic CPS
1591458766481|Suppression des messages Le Coronavirus est partout 14 du topic CPS
1591458766481|Suppression des messages Le Coronavirus est partout 15 du topic CPS
1591458766481|Suppression des messages Le Coronavirus est partout 16 du topic CPS
1591458766484|Suppression des messages Le Coronavirus est partout 17 du topic CPS
1591458766484|Suppression des messages Le Coronavirus est partout 18 du topic CPS
1591458766484|Suppression des messages Le Coronavirus est partout 19 du topic CPS
1591458766485|Suppression des messages Le Coronavirus est partout 20 du topic CPS
1591458766485|Suppression des messages Le Coronavirus est partout 21 du topic CPS
1591458766485|Suppression des messages Le Coronavirus est partout 22 du topic CPS
1591458766485|Suppression des messages Le Coronavirus est partout 23 du topic CPS
1591458766485|Suppression des messages Le Coronavirus est partout 24 du topic CPS
1591458766485|Suppression des messages Le Coronavirus est partout 25 du topic CPS
1591458766485|Suppression des messages Le Coronavirus est partout 26 du topic CPS
1591458766485|Suppression des messages Le Coronavirus est partout 27 du topic CPS
1591458766485|Suppression des messages Le Coronavirus est partout 28 du topic CPS
1591458766486|Suppression des messages Le Coronavirus est partout 29 du topic CPS
1591458766486|Suppression des messages Le Coronavirus est partout 30 du topic CPS
1591458766486|Suppression des messages Le Coronavirus est partout 31 du topic CPS
1591458766486|Suppression des messages Le Coronavirus est partout 32 du topic CPS
1591458766486|Suppression des messages Le Coronavirus est partout 33 du topic CPS
1591458766486|Suppression des messages Le Coronavirus est partout 34 du topic CPS
1591458766486|Suppression des messages Le Coronavirus est partout 35 du topic CPS
1591458766487|Suppression des messages Le Coronavirus est partout 36 du topic CPS
1591458766487|Suppression des messages Le Coronavirus est partout 37 du topic CPS
1591458766488|Creation of topic CA
1591458766491|Suppression des messages Le Coronavirus est partout 38 du topic CPS
1591458766494|Suppression des messages Le Coronavirus est partout 39 du topic CPS
1591458766495|Suppression des messages Le Coronavirus est partout 40 du topic CPS
1591458766495|Suppression des messages Le Coronavirus est partout 41 du topic CPS
1591458766495|Suppression des messages Le Coronavirus est partout 43 du topic CPS
1591458766495|Suppression des messages Le Coronavirus est partout 44 du topic CPS
1591458766496|Suppression des messages Le Coronavirus est partout 45 du topic CPS
1591458766496|Suppression des messages Le Coronavirus est partout 46 du topic CPS
1591458766496|Suppression des messages Le Coronavirus est partout 47 du topic CPS
1591458766496|Suppression des messages Le Coronavirus est partout 48 du topic CPS
1591458766496|Suppression des messages Le Coronavirus est partout 49 du topic CPS
1591458766496|Suppression des messages Le Coronavirus est partout 0 du topic CPS
1591458766496|Suppression des messages Le Coronavirus est partout 1 du topic CPS
1591458766497|Suppression des messages Le Coronavirus est partout 2 du topic CPS
1591458766497|Suppression des messages Le Coronavirus est partout 3 du topic CPS
1591458766497|Suppression des messages Le Coronavirus est partout 4 du topic CPS
1591458766497|Suppression des messages Le Coronavirus est partout 5 du topic CPS
1591458766497|Suppression des messages Le Coronavirus est partout 6 du topic CPS
1591458766497|Suppression des messages Le Coronavirus est partout 42 du topic CPS
1591458766498|Envoi du message Je ferai cours sur TWITCHau port student2
1591458766498|Envoi du message Le sujet 0 sera à l'examenau port student2
1591458766498|Envoi du message Le sujet 1 sera à l'examenau port student2
1591458766499|Message Bonjour, je vais tester tous les filtres.  stocked to topic CPS at the moment 1591458766480
1591458766502|Envoi du message Le sujet 2 sera à l'examenau port student2
1591458766503|Envoi du message Je ferai cours sur TWITCH lundi au port student2
1591458766503|Envoi du message Je ferai cours sur TWITCH jeudiau port student2
1591458766505|Envoi du message Je ferai cours sur TWITCH vendrediau port student2
1591458766505|Envoi du message La semaine prochaine nous verrons PROMELAau port student2
1591458766505|Envoi du message Je ferai cours sur TWITCHau port student2
1591458766506|Envoi du message Je ferai cours sur TWITCH lundi au port student2
1591458766506|Envoi du message Je ferai cours sur TWITCH jeudiau port student2
1591458766507|Envoi du message Je ferai cours sur TWITCH vendrediau port student2
1591458766507|Envoi du message Le Coronavirus est partout 7au port student2
1591458766507|Envoi du message Le Coronavirus est partout 8au port student2
1591458766507|Envoi du message Le Coronavirus est partout 9au port student2
1591458766508|Envoi du message Le Coronavirus est partout 10au port student2
1591458766508|Envoi du message Le Coronavirus est partout 11au port student2
1591458766508|Envoi du message Le Coronavirus est partout 12au port student2
1591458766509|Envoi du message Le Coronavirus est partout 13au port student2
1591458766509|Envoi du message Le Coronavirus est partout 14au port student2
1591458766509|Envoi du message Le Coronavirus est partout 15au port student2
1591458766509|Envoi du message Le Coronavirus est partout 16au port student2
1591458766510|Envoi du message Le Coronavirus est partout 17au port student2
1591458766510|Envoi du message Le Coronavirus est partout 18au port student2
1591458766511|Envoi du message Le Coronavirus est partout 19au port student2
1591458766511|Message Bonjour, je vais tester le filtre de EnseigneParMalenfant  stocked to topic CPS at the moment 1591458766
1591458766511|Envoi du message Le Coronavirus est partout 20au port student2
1591458766512|Envoi du message Le Coronavirus est partout 21au port student2
1591458766512|Envoi du message Le Coronavirus est partout 22au port student2
1591458766512|Envoi du message Le Coronavirus est partout 23au port student2
1591458766512|Creation of topic ALASCA
1591458766513|Envoi du message Le Coronavirus est partout 24au port student2
1591458766513|Creation of topic SRCS
1591458766513|Envoi du message Le Coronavirus est partout 25au port student2
1591458766514|Envoi du message Le Coronavirus est partout 26au port student2
1591458766514|Envoi du message Le Coronavirus est partout 27au port student2
1591458766514|Envoi du message Le Coronavirus est partout 28au port student2
1591458766514|Envoi du message Le Coronavirus est partout 29au port student2
1591458766514|Envoi du message Le Coronavirus est partout 30au port student2
1591458766514|Envoi du message Le Coronavirus est partout 31au port student2
1591458766514|Envoi du message Le Coronavirus est partout 32au port student2
1591458766517|Envoi du message Le Coronavirus est partout 33au port student2
1591458766517|Envoi du message Le Coronavirus est partout 34au port student2
1591458766517|Envoi du message Le Coronavirus est partout 35au port student2
1591458766517|Envoi du message Le Coronavirus est partout 36au port student2
1591458766518|Envoi du message Le Coronavirus est partout 37au port student2
1591458766518|Envoi du message Le Coronavirus est partout 38au port student2
1591458766527|Envoi du message Le Coronavirus est partout 39au port student2
1591458766528|Envoi du message Le Coronavirus est partout 40au port student2
1591458766528|Envoi du message Le Coronavirus est partout 41au port student2
1591458766528|Envoi du message Le Coronavirus est partout 43au port student2
1591458766528|Envoi du message Le Coronavirus est partout 44au port student2
1591458766528|Envoi du message Le Coronavirus est partout 45au port student2
1591458766529|Envoi du message Le Coronavirus est partout 46au port student2
1591458766529|Envoi du message Le Coronavirus est partout 47au port student2
1591458766529|Envoi du message Le Coronavirus est partout 48au port student2
1591458766529|Envoi du message Le Coronavirus est partout 49au port student2
1591458766529|Envoi du message Le Coronavirus est partout 0au port student2
1591458766529|Envoi du message Le Coronavirus est partout 1au port student2
1591458766529|Envoi du message Le Coronavirus est partout 2au port student2
1591458766529|Envoi du message Le Coronavirus est partout 3au port student2
1591458766529|Envoi du message Le Coronavirus est partout 4au port student2
1591458766529|Envoi du message Le Coronavirus est partout 5au port student2
1591458766529|Envoi du message Le Coronavirus est partout 6au port student2
1591458766530|Envoi du message Le Coronavirus est partout 42au port student2
1591458766530|Suppression des messages Bonjour, je vais tester tous les filtres.  du topic CPS
1591458766531|Suppression des messages Bonjour, je vais tester le filtre de EnseigneParMalenfant  du topic CPS
1591458766546|Envoi du message Bonjour, je vais tester tous les filtres. au port student2
1591458766547|Envoi du message Bonjour, je vais tester le filtre de EnseigneParMalenfant au port student2
1591458767069|Message Le Coronavirus est partout 50 stocked to topic CPS at the moment 1591458767
1591458767069|Suppression des messages Le Coronavirus est partout 50 du topic CPS
1591458767069|Message Le Coronavirus est partout 51 stocked to topic CPS at the moment 1591458767
1591458767070|Suppression des messages Le Coronavirus est partout 51 du topic CPS
1591458767071|Envoi du message Le Coronavirus est partout 50au port student2
1591458767071|Message Le Coronavirus est partout 53 stocked to topic CPS at the moment 1591458767
1591458767073|Envoi du message Le Coronavirus est partout 51au port student2
1591458767073|Message Le Coronavirus est partout 52 stocked to topic CPS at the moment 1591458767
1591458767073|Message Le Coronavirus est partout 61 stocked to topic CPS at the moment 1591458767
1591458767073|Message Le Coronavirus est partout 62 stocked to topic CPS at the moment 1591458767
1591458767074|Message Le Coronavirus est partout 63 stocked to topic CPS at the moment 1591458767
1591458767074|Message Le Coronavirus est partout 64 stocked to topic CPS at the moment 1591458767
1591458767074|Message Le Coronavirus est partout 65 stocked to topic CPS at the moment 1591458767
1591458767074|Message Le Coronavirus est partout 66 stocked to topic CPS at the moment 1591458767
1591458767074|Message Le Coronavirus est partout 67 stocked to topic CPS at the moment 1591458767
1591458767074|Message Le Coronavirus est partout 68 stocked to topic CPS at the moment 1591458767
1591458767074|Message Le Coronavirus est partout 69 stocked to topic CPS at the moment 1591458767
1591458767074|Message Le Coronavirus est partout 54 stocked to topic CPS at the moment 1591458767
1591458767075|Message Le Coronavirus est partout 71 stocked to topic CPS at the moment 1591458767
1591458767075|Message Le Coronavirus est partout 72 stocked to topic CPS at the moment 1591458767
1591458767075|Message Le Coronavirus est partout 73 stocked to topic CPS at the moment 1591458767
1591458767075|Message Le Coronavirus est partout 74 stocked to topic CPS at the moment 1591458767
1591458767075|Message Le Coronavirus est partout 75 stocked to topic CPS at the moment 1591458767
1591458767075|Message Le Coronavirus est partout 76 stocked to topic CPS at the moment 1591458767
1591458767075|Message Le Coronavirus est partout 77 stocked to topic CPS at the moment 1591458767
1591458767075|Message Le Coronavirus est partout 78 stocked to topic CPS at the moment 1591458767
1591458767075|Message Le Coronavirus est partout 79 stocked to topic CPS at the moment 1591458767
1591458767076|Message Le Coronavirus est partout 80 stocked to topic CPS at the moment 1591458767
1591458767076|Message Le Coronavirus est partout 81 stocked to topic CPS at the moment 1591458767
1591458767080|Message Le Coronavirus est partout 55 stocked to topic CPS at the moment 1591458767
1591458767082|Message Le Coronavirus est partout 56 stocked to topic CPS at the moment 1591458767
1591458767082|Message Le Coronavirus est partout 84 stocked to topic CPS at the moment 1591458767
1591458767082|Message Le Coronavirus est partout 85 stocked to topic CPS at the moment 1591458767
1591458767082|Message Le Coronavirus est partout 86 stocked to topic CPS at the moment 1591458767
1591458767082|Message Le Coronavirus est partout 87 stocked to topic CPS at the moment 1591458767
1591458767082|Message Le Coronavirus est partout 57 stocked to topic CPS at the moment 1591458767
1591458767082|Message Le Coronavirus est partout 89 stocked to topic CPS at the moment 1591458767
1591458767082|Message Le Coronavirus est partout 90 stocked to topic CPS at the moment 1591458767
1591458767083|Message Le Coronavirus est partout 91 stocked to topic CPS at the moment 1591458767
1591458767083|Message Le Coronavirus est partout 92 stocked to topic CPS at the moment 1591458767
1591458767083|Message Le Coronavirus est partout 93 stocked to topic CPS at the moment 1591458767
1591458767083|Message Le Coronavirus est partout 94 stocked to topic CPS at the moment 1591458767
1591458767083|Message Le Coronavirus est partout 95 stocked to topic CPS at the moment 1591458767
1591458767083|Message Le Coronavirus est partout 96 stocked to topic CPS at the moment 1591458767
1591458767083|Message Le Coronavirus est partout 97 stocked to topic CPS at the moment 1591458767
1591458767083|Message Le Coronavirus est partout 98 stocked to topic CPS at the moment 1591458767
1591458767083|Message Le Coronavirus est partout 99 stocked to topic CPS at the moment 1591458767
1591458767084|Message Le Coronavirus est partout 58 stocked to topic CPS at the moment 1591458767
1591458767084|Message Le Coronavirus est partout 59 stocked to topic CPS at the moment 1591458767
1591458767084|Message Le Coronavirus est partout 60 stocked to topic CPS at the moment 1591458767
1591458767084|Message Le Coronavirus est partout 70 stocked to topic CPS at the moment 1591458767
1591458767084|Suppression des messages Le Coronavirus est partout 53 du topic CPS
1591458767084|Suppression des messages Le Coronavirus est partout 52 du topic CPS
1591458767084|Suppression des messages Le Coronavirus est partout 61 du topic CPS
1591458767085|Suppression des messages Le Coronavirus est partout 62 du topic CPS
1591458767085|Suppression des messages Le Coronavirus est partout 63 du topic CPS
1591458767087|Suppression des messages Le Coronavirus est partout 64 du topic CPS
1591458767087|Suppression des messages Le Coronavirus est partout 65 du topic CPS
1591458767087|Suppression des messages Le Coronavirus est partout 66 du topic CPS
1591458767087|Suppression des messages Le Coronavirus est partout 67 du topic CPS
1591458767087|Suppression des messages Le Coronavirus est partout 68 du topic CPS
1591458767087|Suppression des messages Le Coronavirus est partout 69 du topic CPS
1591458767087|Suppression des messages Le Coronavirus est partout 54 du topic CPS
1591458767087|Suppression des messages Le Coronavirus est partout 71 du topic CPS
1591458767088|Suppression des messages Le Coronavirus est partout 72 du topic CPS
1591458767088|Suppression des messages Le Coronavirus est partout 73 du topic CPS
1591458767088|Suppression des messages Le Coronavirus est partout 74 du topic CPS
1591458767089|Suppression des messages Le Coronavirus est partout 75 du topic CPS
1591458767089|Suppression des messages Le Coronavirus est partout 76 du topic CPS
1591458767090|Suppression des messages Le Coronavirus est partout 77 du topic CPS
1591458767090|Suppression des messages Le Coronavirus est partout 78 du topic CPS
1591458767090|Suppression des messages Le Coronavirus est partout 79 du topic CPS
1591458767090|Suppression des messages Le Coronavirus est partout 80 du topic CPS
1591458767090|Suppression des messages Le Coronavirus est partout 81 du topic CPS
1591458767091|Suppression des messages Le Coronavirus est partout 55 du topic CPS
1591458767091|Suppression des messages Le Coronavirus est partout 56 du topic CPS
1591458767091|Suppression des messages Le Coronavirus est partout 84 du topic CPS
1591458767091|Suppression des messages Le Coronavirus est partout 85 du topic CPS
1591458767095|Suppression des messages Le Coronavirus est partout 86 du topic CPS
1591458767095|Suppression des messages Le Coronavirus est partout 87 du topic CPS
1591458767096|Suppression des messages Le Coronavirus est partout 57 du topic CPS
1591458767096|Suppression des messages Le Coronavirus est partout 89 du topic CPS
1591458767096|Suppression des messages Le Coronavirus est partout 90 du topic CPS
1591458767097|Suppression des messages Le Coronavirus est partout 91 du topic CPS
1591458767097|Suppression des messages Le Coronavirus est partout 92 du topic CPS
1591458767097|Suppression des messages Le Coronavirus est partout 93 du topic CPS
1591458767098|Suppression des messages Le Coronavirus est partout 94 du topic CPS
1591458767098|Suppression des messages Le Coronavirus est partout 95 du topic CPS
1591458767098|Suppression des messages Le Coronavirus est partout 96 du topic CPS
1591458767098|Suppression des messages Le Coronavirus est partout 97 du topic CPS
1591458767100|Suppression des messages Le Coronavirus est partout 98 du topic CPS
1591458767100|Suppression des messages Le Coronavirus est partout 99 du topic CPS
1591458767100|Suppression des messages Le Coronavirus est partout 58 du topic CPS
1591458767100|Suppression des messages Le Coronavirus est partout 59 du topic CPS
1591458767101|Suppression des messages Le Coronavirus est partout 60 du topic CPS
1591458767101|Suppression des messages Le Coronavirus est partout 70 du topic CPS
1591458767101|Message Le Coronavirus est partout 82 stocked to topic CPS at the moment 1591458767
1591458767102|Message Le Coronavirus est partout 83 stocked to topic CPS at the moment 1591458767
1591458767102|Message Le Coronavirus est partout 88 stocked to topic CPS at the moment 1591458767
1591458767102|Suppression des messages Le Coronavirus est partout 82 du topic CPS
1591458767103|Suppression des messages Le Coronavirus est partout 83 du topic CPS
1591458767103|Suppression des messages Le Coronavirus est partout 88 du topic CPS
1591458767103|Envoi du message Le Coronavirus est partout 53au port student2
1591458767104|Envoi du message Le Coronavirus est partout 52au port student2
1591458767104|Envoi du message Le Coronavirus est partout 61au port student2
1591458767104|Envoi du message Le Coronavirus est partout 62au port student2
1591458767104|Envoi du message Le Coronavirus est partout 63au port student2
1591458767105|Envoi du message Le Coronavirus est partout 64au port student2
1591458767105|Envoi du message Le Coronavirus est partout 65au port student2
1591458767105|Envoi du message Le Coronavirus est partout 66au port student2
1591458767106|Envoi du message Le Coronavirus est partout 67au port student2
1591458767106|Envoi du message Le Coronavirus est partout 68au port student2
1591458767106|Envoi du message Le Coronavirus est partout 69au port student2
1591458767107|Envoi du message Le Coronavirus est partout 54au port student2
1591458767107|Envoi du message Le Coronavirus est partout 71au port student2
1591458767107|Envoi du message Le Coronavirus est partout 72au port student2
1591458767107|Envoi du message Le Coronavirus est partout 73au port student2
1591458767108|Envoi du message Le Coronavirus est partout 74au port student2
1591458767108|Envoi du message Le Coronavirus est partout 75au port student2
1591458767108|Envoi du message Le Coronavirus est partout 76au port student2
1591458767109|Envoi du message Le Coronavirus est partout 77au port student2
1591458767109|Envoi du message Le Coronavirus est partout 78au port student2
1591458767109|Envoi du message Le Coronavirus est partout 79au port student2
1591458767109|Envoi du message Le Coronavirus est partout 80au port student2
1591458767110|Envoi du message Le Coronavirus est partout 81au port student2
1591458767110|Envoi du message Le Coronavirus est partout 55au port student2
1591458767110|Envoi du message Le Coronavirus est partout 56au port student2
1591458767111|Envoi du message Le Coronavirus est partout 84au port student2
1591458767111|Envoi du message Le Coronavirus est partout 85au port student2
1591458767111|Envoi du message Le Coronavirus est partout 86au port student2
1591458767112|Envoi du message Le Coronavirus est partout 87au port student2
1591458767112|Envoi du message Le Coronavirus est partout 57au port student2
1591458767112|Envoi du message Le Coronavirus est partout 89au port student2
1591458767113|Envoi du message Le Coronavirus est partout 90au port student2
1591458767113|Envoi du message Le Coronavirus est partout 91au port student2
1591458767113|Envoi du message Le Coronavirus est partout 92au port student2
1591458767114|Envoi du message Le Coronavirus est partout 93au port student2
1591458767114|Envoi du message Le Coronavirus est partout 94au port student2
1591458767114|Envoi du message Le Coronavirus est partout 95au port student2
1591458767115|Envoi du message Le Coronavirus est partout 96au port student2
1591458767115|Envoi du message Le Coronavirus est partout 97au port student2
1591458767115|Envoi du message Le Coronavirus est partout 98au port student2
1591458767116|Envoi du message Le Coronavirus est partout 99au port student2
1591458767116|Envoi du message Le Coronavirus est partout 58au port student2
1591458767116|Envoi du message Le Coronavirus est partout 59au port student2
1591458767116|Envoi du message Le Coronavirus est partout 60au port student2
1591458767116|Envoi du message Le Coronavirus est partout 70au port student2
1591458767117|Envoi du message Le Coronavirus est partout 82au port student2
1591458767117|Envoi du message Le Coronavirus est partout 83au port student2
1591458767118|Envoi du message Le Coronavirus est partout 88au port student2
1591458767118|On enlève l'abonnement de student2 au topic CPS
1591458767517|Destruction of the topic SRCS
1591458784943|stopping broker component.
