1591458764339|starting teacher  component.
1591458766047|Publishing message La semaine prochaine nous verrons PROMELA to the topic : PC3R
1591458766054|Publishing message Je ferai cours sur TWITCH to the topics :  PC3R PAF 
1591458766055|Publishing messages 
 - TimeStamper193873736
 - TimeStamper719739396
 - TimeStamper1715196494
 to the topic : PAF
1591458766058|Publishing messages  TimeStamper1018255122 TimeStamper1165816779 TimeStamper1565697818  to the topics :  PC3R PAF 
1591458766058|Publishing message Le Coronavirus est partout 0 to the topic : CPS
1591458766059|Publishing message Le Coronavirus est partout 1 to the topic : CPS
1591458766059|Publishing message Le Coronavirus est partout 2 to the topic : CPS
1591458766059|Publishing message Le Coronavirus est partout 3 to the topic : CPS
1591458766059|Publishing message Le Coronavirus est partout 4 to the topic : CPS
1591458766060|Publishing message Le Coronavirus est partout 5 to the topic : CPS
1591458766060|Publishing message Le Coronavirus est partout 6 to the topic : CPS
1591458766061|Publishing message Le Coronavirus est partout 7 to the topic : CPS
1591458766061|Publishing message Le Coronavirus est partout 8 to the topic : CPS
1591458766061|Publishing message Le Coronavirus est partout 9 to the topic : CPS
1591458766061|Publishing message Le Coronavirus est partout 10 to the topic : CPS
1591458766061|Publishing message Le Coronavirus est partout 11 to the topic : CPS
1591458766062|Publishing message Le Coronavirus est partout 12 to the topic : CPS
1591458766062|Publishing message Le Coronavirus est partout 13 to the topic : CPS
1591458766062|Publishing message Le Coronavirus est partout 14 to the topic : CPS
1591458766062|Publishing message Le Coronavirus est partout 15 to the topic : CPS
1591458766062|Publishing message Le Coronavirus est partout 16 to the topic : CPS
1591458766063|Publishing message Le Coronavirus est partout 17 to the topic : CPS
1591458766063|Publishing message Le Coronavirus est partout 18 to the topic : CPS
1591458766063|Publishing message Le Coronavirus est partout 19 to the topic : CPS
1591458766063|Publishing message Le Coronavirus est partout 20 to the topic : CPS
1591458766063|Publishing message Le Coronavirus est partout 21 to the topic : CPS
1591458766064|Publishing message Le Coronavirus est partout 22 to the topic : CPS
1591458766064|Publishing message Le Coronavirus est partout 23 to the topic : CPS
1591458766064|Publishing message Le Coronavirus est partout 24 to the topic : CPS
1591458766064|Publishing message Le Coronavirus est partout 25 to the topic : CPS
1591458766064|Publishing message Le Coronavirus est partout 26 to the topic : CPS
1591458766064|Publishing message Le Coronavirus est partout 27 to the topic : CPS
1591458766065|Publishing message Le Coronavirus est partout 28 to the topic : CPS
1591458766065|Publishing message Le Coronavirus est partout 29 to the topic : CPS
1591458766065|Publishing message Le Coronavirus est partout 30 to the topic : CPS
1591458766065|Publishing message Le Coronavirus est partout 31 to the topic : CPS
1591458766065|Publishing message Le Coronavirus est partout 32 to the topic : CPS
1591458766066|Publishing message Le Coronavirus est partout 33 to the topic : CPS
1591458766066|Publishing message Le Coronavirus est partout 34 to the topic : CPS
1591458766066|Publishing message Le Coronavirus est partout 35 to the topic : CPS
1591458766066|Publishing message Le Coronavirus est partout 36 to the topic : CPS
1591458766066|Publishing message Le Coronavirus est partout 37 to the topic : CPS
1591458766066|Publishing message Le Coronavirus est partout 38 to the topic : CPS
1591458766067|Publishing message Le Coronavirus est partout 39 to the topic : CPS
1591458766067|Publishing message Le Coronavirus est partout 40 to the topic : CPS
1591458766067|Publishing message Le Coronavirus est partout 41 to the topic : CPS
1591458766067|Publishing message Le Coronavirus est partout 42 to the topic : CPS
1591458766067|Publishing message Le Coronavirus est partout 43 to the topic : CPS
1591458766067|Publishing message Le Coronavirus est partout 44 to the topic : CPS
1591458766068|Publishing message Le Coronavirus est partout 45 to the topic : CPS
1591458766068|Publishing message Le Coronavirus est partout 46 to the topic : CPS
1591458766068|Publishing message Le Coronavirus est partout 47 to the topic : CPS
1591458766068|Publishing message Le Coronavirus est partout 48 to the topic : CPS
1591458766068|Publishing message Le Coronavirus est partout 49 to the topic : CPS
1591458767069|Publishing message Le Coronavirus est partout 50 to the topic : CPS
1591458767069|Publishing message Le Coronavirus est partout 51 to the topic : CPS
1591458767069|Publishing message Le Coronavirus est partout 52 to the topic : CPS
1591458767070|Publishing message Le Coronavirus est partout 53 to the topic : CPS
1591458767070|Publishing message Le Coronavirus est partout 54 to the topic : CPS
1591458767070|Publishing message Le Coronavirus est partout 55 to the topic : CPS
1591458767070|Publishing message Le Coronavirus est partout 56 to the topic : CPS
1591458767070|Publishing message Le Coronavirus est partout 57 to the topic : CPS
1591458767070|Publishing message Le Coronavirus est partout 58 to the topic : CPS
1591458767070|Publishing message Le Coronavirus est partout 59 to the topic : CPS
1591458767071|Publishing message Le Coronavirus est partout 60 to the topic : CPS
1591458767071|Publishing message Le Coronavirus est partout 61 to the topic : CPS
1591458767071|Publishing message Le Coronavirus est partout 62 to the topic : CPS
1591458767071|Publishing message Le Coronavirus est partout 63 to the topic : CPS
1591458767071|Publishing message Le Coronavirus est partout 64 to the topic : CPS
1591458767071|Publishing message Le Coronavirus est partout 65 to the topic : CPS
1591458767071|Publishing message Le Coronavirus est partout 66 to the topic : CPS
1591458767071|Publishing message Le Coronavirus est partout 67 to the topic : CPS
1591458767071|Publishing message Le Coronavirus est partout 68 to the topic : CPS
1591458767072|Publishing message Le Coronavirus est partout 69 to the topic : CPS
1591458767072|Publishing message Le Coronavirus est partout 70 to the topic : CPS
1591458767072|Publishing message Le Coronavirus est partout 71 to the topic : CPS
1591458767072|Publishing message Le Coronavirus est partout 72 to the topic : CPS
1591458767072|Publishing message Le Coronavirus est partout 73 to the topic : CPS
1591458767072|Publishing message Le Coronavirus est partout 74 to the topic : CPS
1591458767072|Publishing message Le Coronavirus est partout 75 to the topic : CPS
1591458767073|Publishing message Le Coronavirus est partout 76 to the topic : CPS
1591458767073|Publishing message Le Coronavirus est partout 77 to the topic : CPS
1591458767074|Publishing message Le Coronavirus est partout 78 to the topic : CPS
1591458767075|Publishing message Le Coronavirus est partout 79 to the topic : CPS
1591458767075|Publishing message Le Coronavirus est partout 80 to the topic : CPS
1591458767075|Publishing message Le Coronavirus est partout 81 to the topic : CPS
1591458767075|Publishing message Le Coronavirus est partout 82 to the topic : CPS
1591458767075|Publishing message Le Coronavirus est partout 83 to the topic : CPS
1591458767078|Publishing message Le Coronavirus est partout 84 to the topic : CPS
1591458767078|Publishing message Le Coronavirus est partout 85 to the topic : CPS
1591458767078|Publishing message Le Coronavirus est partout 86 to the topic : CPS
1591458767079|Publishing message Le Coronavirus est partout 87 to the topic : CPS
1591458767079|Publishing message Le Coronavirus est partout 88 to the topic : CPS
1591458767079|Publishing message Le Coronavirus est partout 89 to the topic : CPS
1591458767079|Publishing message Le Coronavirus est partout 90 to the topic : CPS
1591458767079|Publishing message Le Coronavirus est partout 91 to the topic : CPS
1591458767079|Publishing message Le Coronavirus est partout 92 to the topic : CPS
1591458767079|Publishing message Le Coronavirus est partout 93 to the topic : CPS
1591458767079|Publishing message Le Coronavirus est partout 94 to the topic : CPS
1591458767080|Publishing message Le Coronavirus est partout 95 to the topic : CPS
1591458767080|Publishing message Le Coronavirus est partout 96 to the topic : CPS
1591458767080|Publishing message Le Coronavirus est partout 97 to the topic : CPS
1591458767080|Publishing message Le Coronavirus est partout 98 to the topic : CPS
1591458767080|Publishing message Le Coronavirus est partout 99 to the topic : CPS
1591458784767|stopping publisher teacher component.
