1584911473464|starting broker component.
1584911473516|Subscribed student2 to topic PAF with no filter
1584911473516|Subscribed student1 to topic CPS with filterbaduren.components.subscribers.SubscriberStudent$TestTousLesFiltres@4ddb74b1
1584911473517|Subscribed student2 to topic APS with no filter
1584911473519|Subscribed student2 to topic PC3R with no filter
1584911473520|Subscribed student2 to topic CPS with no filter
1584911473599|Message Bonjour, je vais tester tous les filtres.  stocked to topic CPS at the moment 1584911473
1584911473599|Message La semaine prochaine nous verrons PROMELA stocked to topic PC3R at the moment 1584911473
1584911473599|Suppression des messages Bonjour, je vais tester tous les filtres.  du topic CPS
1584911473600|Suppression des messages La semaine prochaine nous verrons PROMELA du topic PC3R
1584911473600|Message Bonjour, je vais tester le filtre de EnseigneParMalenfant  stocked to topic CPS at the moment 1584911473
1584911473600|Envoi du message Bonjour, je vais tester tous les filtres. au port student2
1584911473600|Message Je ferai cours sur TWITCH stocked to topic PC3R at the moment 1584911473
1584911473601|Envoi du message La semaine prochaine nous verrons PROMELAau port student2
1584911473601|Message Je ferai cours sur TWITCH stocked to topic PAF at the moment 1584911473
1584911473601|Creation of topic CA
1584911473602|Creation of topic ALASCA
1584911473602|Envoi du message Bonjour, je vais tester tous les filtres. au port student1
1584911473602|Message Le sujet 0 sera à l'examen stocked to topic PAF at the moment 1584911473
1584911473603|Message Le sujet 1 sera à l'examen stocked to topic PAF at the moment 1584911473
1584911473603|Message Le sujet 2 sera à l'examen stocked to topic PAF at the moment 1584911473
1584911473604|Creation of topic SRCS
1584911473604|Suppression des messages Je ferai cours sur TWITCH du topic PAF
1584911473604|Suppression des messages Le sujet 0 sera à l'examen du topic PAF
1584911473605|Suppression des messages Le sujet 1 sera à l'examen du topic PAF
1584911473610|Suppression des messages Le sujet 2 sera à l'examen du topic PAF
1584911473610|Suppression des messages Bonjour, je vais tester le filtre de EnseigneParMalenfant  du topic CPS
1584911473611|Suppression des messages Je ferai cours sur TWITCH du topic PC3R
1584911473611|Message Je ferai cours sur TWITCH lundi  stocked to topic PC3R at the moment 1584911473
1584911473611|Message Je ferai cours sur TWITCH lundi  stocked to topic PAF at the moment 1584911473
1584911473613|Message Je ferai cours sur TWITCH jeudi stocked to topic PC3R at the moment 1584911473
1584911473613|Message Je ferai cours sur TWITCH jeudi stocked to topic PAF at the moment 1584911473
1584911473614|Message Je ferai cours sur TWITCH vendredi stocked to topic PC3R at the moment 1584911473
1584911473614|Message Je ferai cours sur TWITCH vendredi stocked to topic PAF at the moment 1584911473
1584911473615|Message Le Coronavirus est partout 0 stocked to topic CPS at the moment 1584911473
1584911473615|Suppression des messages Je ferai cours sur TWITCH lundi  du topic PAF
1584911473615|Suppression des messages Je ferai cours sur TWITCH jeudi du topic PAF
1584911473615|Suppression des messages Je ferai cours sur TWITCH vendredi du topic PAF
1584911473616|Suppression des messages Le Coronavirus est partout 0 du topic CPS
1584911473616|Suppression des messages Je ferai cours sur TWITCH lundi  du topic PC3R
1584911473616|Suppression des messages Je ferai cours sur TWITCH jeudi du topic PC3R
1584911473616|Suppression des messages Je ferai cours sur TWITCH vendredi du topic PC3R
1584911473617|Message Le Coronavirus est partout 1 stocked to topic CPS at the moment 1584911473
1584911473617|Suppression des messages Le Coronavirus est partout 1 du topic CPS
1584911473617|Message Le Coronavirus est partout 2 stocked to topic CPS at the moment 1584911473
1584911473617|Suppression des messages Le Coronavirus est partout 2 du topic CPS
1584911473618|Message Le Coronavirus est partout 3 stocked to topic CPS at the moment 1584911473
1584911473622|Suppression des messages Le Coronavirus est partout 3 du topic CPS
1584911473622|Message Le Coronavirus est partout 4 stocked to topic CPS at the moment 1584911473
1584911473623|Suppression des messages Le Coronavirus est partout 4 du topic CPS
1584911473623|Message Le Coronavirus est partout 5 stocked to topic CPS at the moment 1584911473
1584911473623|Suppression des messages Le Coronavirus est partout 5 du topic CPS
1584911473624|Message Le Coronavirus est partout 6 stocked to topic CPS at the moment 1584911473
1584911473624|Suppression des messages Le Coronavirus est partout 6 du topic CPS
1584911473625|Envoi du message Je ferai cours sur TWITCHau port student2
1584911473626|Envoi du message Le sujet 0 sera à l'examenau port student2
1584911473626|Envoi du message Le sujet 1 sera à l'examenau port student2
1584911473626|Envoi du message Le sujet 2 sera à l'examenau port student2
1584911473626|Envoi du message Bonjour, je vais tester le filtre de EnseigneParMalenfant au port student2
1584911473627|Envoi du message Je ferai cours sur TWITCHau port student2
1584911473627|Envoi du message Je ferai cours sur TWITCH lundi au port student2
1584911473627|Message Le Coronavirus est partout 7 stocked to topic CPS at the moment 1584911473
1584911473627|Envoi du message Je ferai cours sur TWITCH jeudiau port student2
1584911473628|Envoi du message Je ferai cours sur TWITCH vendrediau port student2
1584911473628|Message Le Coronavirus est partout 8 stocked to topic CPS at the moment 1584911473
1584911473630|Envoi du message Le Coronavirus est partout 0au port student2
1584911473631|Envoi du message Je ferai cours sur TWITCH lundi au port student2
1584911473631|Message Le Coronavirus est partout 9 stocked to topic CPS at the moment 1584911473
1584911473632|Envoi du message Je ferai cours sur TWITCH jeudiau port student2
1584911473632|Message Le Coronavirus est partout 10 stocked to topic CPS at the moment 1584911473
1584911473632|Envoi du message Je ferai cours sur TWITCH vendrediau port student2
1584911473633|Message Le Coronavirus est partout 11 stocked to topic CPS at the moment 1584911473
1584911473634|Envoi du message Le Coronavirus est partout 1au port student2
1584911473634|Envoi du message Le Coronavirus est partout 2au port student2
1584911473634|Message Le Coronavirus est partout 12 stocked to topic CPS at the moment 1584911473
1584911473634|Envoi du message Le Coronavirus est partout 3au port student2
1584911473636|Message Le Coronavirus est partout 13 stocked to topic CPS at the moment 1584911473
1584911473636|Envoi du message Le Coronavirus est partout 4au port student2
1584911473636|Envoi du message Le Coronavirus est partout 5au port student2
1584911473636|Message Le Coronavirus est partout 14 stocked to topic CPS at the moment 1584911473
1584911473636|Envoi du message Le Coronavirus est partout 6au port student2
1584911473637|Message Le Coronavirus est partout 15 stocked to topic CPS at the moment 1584911473
1584911473638|Suppression des messages Le Coronavirus est partout 7 du topic CPS
1584911473638|Suppression des messages Le Coronavirus est partout 8 du topic CPS
1584911473639|Suppression des messages Le Coronavirus est partout 9 du topic CPS
1584911473639|Suppression des messages Le Coronavirus est partout 10 du topic CPS
1584911473639|Suppression des messages Le Coronavirus est partout 11 du topic CPS
1584911473640|Suppression des messages Le Coronavirus est partout 12 du topic CPS
1584911473640|Suppression des messages Le Coronavirus est partout 13 du topic CPS
1584911473640|Suppression des messages Le Coronavirus est partout 14 du topic CPS
1584911473640|Suppression des messages Le Coronavirus est partout 15 du topic CPS
1584911473641|Message Le Coronavirus est partout 16 stocked to topic CPS at the moment 1584911473
1584911473641|Suppression des messages Le Coronavirus est partout 16 du topic CPS
1584911473641|Message Le Coronavirus est partout 17 stocked to topic CPS at the moment 1584911473
1584911473641|Suppression des messages Le Coronavirus est partout 17 du topic CPS
1584911473642|Message Le Coronavirus est partout 18 stocked to topic CPS at the moment 1584911473
1584911473642|Envoi du message Le Coronavirus est partout 7au port student2
1584911473643|Message Le Coronavirus est partout 19 stocked to topic CPS at the moment 1584911473
1584911473643|Envoi du message Le Coronavirus est partout 8au port student2
1584911473644|Message Le Coronavirus est partout 20 stocked to topic CPS at the moment 1584911473
1584911473644|Envoi du message Le Coronavirus est partout 9au port student2
1584911473644|Message Le Coronavirus est partout 21 stocked to topic CPS at the moment 1584911473
1584911473645|Envoi du message Le Coronavirus est partout 10au port student2
1584911473645|Message Le Coronavirus est partout 22 stocked to topic CPS at the moment 1584911473
1584911473646|Envoi du message Le Coronavirus est partout 11au port student2
1584911473646|Envoi du message Le Coronavirus est partout 12au port student2
1584911473647|Message Le Coronavirus est partout 23 stocked to topic CPS at the moment 1584911473
1584911473647|Envoi du message Le Coronavirus est partout 13au port student2
1584911473648|Message Le Coronavirus est partout 24 stocked to topic CPS at the moment 1584911473
1584911473648|Envoi du message Le Coronavirus est partout 14au port student2
1584911473649|Message Le Coronavirus est partout 25 stocked to topic CPS at the moment 1584911473
1584911473649|Envoi du message Le Coronavirus est partout 15au port student2
1584911473649|Message Le Coronavirus est partout 26 stocked to topic CPS at the moment 1584911473
1584911473649|Envoi du message Le Coronavirus est partout 16au port student2
1584911473650|Message Le Coronavirus est partout 27 stocked to topic CPS at the moment 1584911473
1584911473650|Envoi du message Le Coronavirus est partout 17au port student2
1584911473651|Message Le Coronavirus est partout 28 stocked to topic CPS at the moment 1584911473
1584911473652|Suppression des messages Le Coronavirus est partout 18 du topic CPS
1584911473652|Suppression des messages Le Coronavirus est partout 19 du topic CPS
1584911473652|Suppression des messages Le Coronavirus est partout 20 du topic CPS
1584911473653|Suppression des messages Le Coronavirus est partout 21 du topic CPS
1584911473653|Suppression des messages Le Coronavirus est partout 22 du topic CPS
1584911473653|Suppression des messages Le Coronavirus est partout 23 du topic CPS
1584911473654|Suppression des messages Le Coronavirus est partout 24 du topic CPS
1584911473654|Suppression des messages Le Coronavirus est partout 25 du topic CPS
1584911473654|Suppression des messages Le Coronavirus est partout 26 du topic CPS
1584911473655|Suppression des messages Le Coronavirus est partout 27 du topic CPS
1584911473656|Suppression des messages Le Coronavirus est partout 28 du topic CPS
1584911473656|Message Le Coronavirus est partout 29 stocked to topic CPS at the moment 1584911473
1584911473656|Suppression des messages Le Coronavirus est partout 29 du topic CPS
1584911473657|Message Le Coronavirus est partout 30 stocked to topic CPS at the moment 1584911473
1584911473657|Suppression des messages Le Coronavirus est partout 30 du topic CPS
1584911473658|Message Le Coronavirus est partout 31 stocked to topic CPS at the moment 1584911473
1584911473658|Suppression des messages Le Coronavirus est partout 31 du topic CPS
1584911473659|Message Le Coronavirus est partout 32 stocked to topic CPS at the moment 1584911473
1584911473659|Suppression des messages Le Coronavirus est partout 32 du topic CPS
1584911473659|Message Le Coronavirus est partout 33 stocked to topic CPS at the moment 1584911473
1584911473660|Suppression des messages Le Coronavirus est partout 33 du topic CPS
1584911473660|Message Le Coronavirus est partout 34 stocked to topic CPS at the moment 1584911473
1584911473660|Suppression des messages Le Coronavirus est partout 34 du topic CPS
1584911473660|Message Le Coronavirus est partout 35 stocked to topic CPS at the moment 1584911473
1584911473661|Suppression des messages Le Coronavirus est partout 35 du topic CPS
1584911473661|Message Le Coronavirus est partout 36 stocked to topic CPS at the moment 1584911473
1584911473662|Suppression des messages Le Coronavirus est partout 36 du topic CPS
1584911473663|Message Le Coronavirus est partout 37 stocked to topic CPS at the moment 1584911473
1584911473664|Suppression des messages Le Coronavirus est partout 37 du topic CPS
1584911473664|Message Le Coronavirus est partout 38 stocked to topic CPS at the moment 1584911473
1584911473665|Suppression des messages Le Coronavirus est partout 38 du topic CPS
1584911473665|Message Le Coronavirus est partout 39 stocked to topic CPS at the moment 1584911473
1584911473666|Suppression des messages Le Coronavirus est partout 39 du topic CPS
1584911473666|Message Le Coronavirus est partout 40 stocked to topic CPS at the moment 1584911473
1584911473666|Suppression des messages Le Coronavirus est partout 40 du topic CPS
1584911473667|Message Le Coronavirus est partout 41 stocked to topic CPS at the moment 1584911473
1584911473667|Suppression des messages Le Coronavirus est partout 41 du topic CPS
1584911473667|Envoi du message Le Coronavirus est partout 18au port student2
1584911473667|Envoi du message Le Coronavirus est partout 19au port student2
1584911473667|Envoi du message Le Coronavirus est partout 20au port student2
1584911473667|Envoi du message Le Coronavirus est partout 21au port student2
1584911473668|Envoi du message Le Coronavirus est partout 22au port student2
1584911473668|Envoi du message Le Coronavirus est partout 23au port student2
1584911473668|Envoi du message Le Coronavirus est partout 24au port student2
1584911473668|Envoi du message Le Coronavirus est partout 25au port student2
1584911473668|Envoi du message Le Coronavirus est partout 26au port student2
1584911473668|Envoi du message Le Coronavirus est partout 27au port student2
1584911473668|Envoi du message Le Coronavirus est partout 28au port student2
1584911473669|Envoi du message Le Coronavirus est partout 29au port student2
1584911473669|Envoi du message Le Coronavirus est partout 30au port student2
1584911473669|Envoi du message Le Coronavirus est partout 31au port student2
1584911473669|Envoi du message Le Coronavirus est partout 32au port student2
1584911473669|Envoi du message Le Coronavirus est partout 33au port student2
1584911473669|Message Le Coronavirus est partout 42 stocked to topic CPS at the moment 1584911473
1584911473669|Envoi du message Le Coronavirus est partout 34au port student2
1584911473670|Envoi du message Le Coronavirus est partout 35au port student2
1584911473670|Envoi du message Le Coronavirus est partout 36au port student2
1584911473670|Message Le Coronavirus est partout 43 stocked to topic CPS at the moment 1584911473
1584911473670|Envoi du message Le Coronavirus est partout 37au port student2
1584911473670|Envoi du message Le Coronavirus est partout 38au port student2
1584911473670|Message Le Coronavirus est partout 44 stocked to topic CPS at the moment 1584911473
1584911473671|Envoi du message Le Coronavirus est partout 39au port student2
1584911473671|Envoi du message Le Coronavirus est partout 40au port student2
1584911473673|Message Le Coronavirus est partout 45 stocked to topic CPS at the moment 1584911473
1584911473674|Envoi du message Le Coronavirus est partout 41au port student2
1584911473674|Message Le Coronavirus est partout 46 stocked to topic CPS at the moment 1584911473
1584911473674|Suppression des messages Le Coronavirus est partout 42 du topic CPS
1584911473675|Suppression des messages Le Coronavirus est partout 43 du topic CPS
1584911473675|Suppression des messages Le Coronavirus est partout 44 du topic CPS
1584911473675|Suppression des messages Le Coronavirus est partout 45 du topic CPS
1584911473676|Suppression des messages Le Coronavirus est partout 46 du topic CPS
1584911473676|Message Le Coronavirus est partout 47 stocked to topic CPS at the moment 1584911473
1584911473677|Suppression des messages Le Coronavirus est partout 47 du topic CPS
1584911473677|Message Le Coronavirus est partout 48 stocked to topic CPS at the moment 1584911473
1584911473677|Suppression des messages Le Coronavirus est partout 48 du topic CPS
1584911473677|Message Le Coronavirus est partout 49 stocked to topic CPS at the moment 1584911473
1584911473678|Suppression des messages Le Coronavirus est partout 49 du topic CPS
1584911473679|Envoi du message Le Coronavirus est partout 42au port student2
1584911473679|Envoi du message Le Coronavirus est partout 43au port student2
1584911473680|Envoi du message Le Coronavirus est partout 44au port student2
1584911473680|Envoi du message Le Coronavirus est partout 45au port student2
1584911473681|Envoi du message Le Coronavirus est partout 46au port student2
1584911473681|Envoi du message Le Coronavirus est partout 47au port student2
1584911473681|Envoi du message Le Coronavirus est partout 48au port student2
1584911473682|Envoi du message Le Coronavirus est partout 49au port student2
1584911474510|On enlève l'abonnement de student2 au topic CPS
1584911474608|Destruction of the topic SRCS
1584911474679|Message Le Coronavirus est partout 50 stocked to topic CPS at the moment 1584911474
1584911474679|Suppression des messages Le Coronavirus est partout 50 du topic CPS
1584911474680|Message Le Coronavirus est partout 51 stocked to topic CPS at the moment 1584911474
1584911474680|Suppression des messages Le Coronavirus est partout 51 du topic CPS
1584911474681|Message Le Coronavirus est partout 52 stocked to topic CPS at the moment 1584911474
1584911474681|Suppression des messages Le Coronavirus est partout 52 du topic CPS
1584911474681|Message Le Coronavirus est partout 53 stocked to topic CPS at the moment 1584911474
1584911474681|Suppression des messages Le Coronavirus est partout 53 du topic CPS
1584911474682|Message Le Coronavirus est partout 54 stocked to topic CPS at the moment 1584911474
1584911474682|Suppression des messages Le Coronavirus est partout 54 du topic CPS
1584911474682|Message Le Coronavirus est partout 55 stocked to topic CPS at the moment 1584911474
1584911474682|Suppression des messages Le Coronavirus est partout 55 du topic CPS
1584911474683|Message Le Coronavirus est partout 56 stocked to topic CPS at the moment 1584911474
1584911474683|Suppression des messages Le Coronavirus est partout 56 du topic CPS
1584911474683|Message Le Coronavirus est partout 57 stocked to topic CPS at the moment 1584911474
1584911474683|Suppression des messages Le Coronavirus est partout 57 du topic CPS
1584911474684|Message Le Coronavirus est partout 58 stocked to topic CPS at the moment 1584911474
1584911474684|Suppression des messages Le Coronavirus est partout 58 du topic CPS
1584911474684|Message Le Coronavirus est partout 59 stocked to topic CPS at the moment 1584911474
1584911474684|Suppression des messages Le Coronavirus est partout 59 du topic CPS
1584911474685|Message Le Coronavirus est partout 60 stocked to topic CPS at the moment 1584911474
1584911474685|Suppression des messages Le Coronavirus est partout 60 du topic CPS
1584911474685|Message Le Coronavirus est partout 61 stocked to topic CPS at the moment 1584911474
1584911474686|Suppression des messages Le Coronavirus est partout 61 du topic CPS
1584911474686|Message Le Coronavirus est partout 62 stocked to topic CPS at the moment 1584911474
1584911474686|Suppression des messages Le Coronavirus est partout 62 du topic CPS
1584911474687|Message Le Coronavirus est partout 63 stocked to topic CPS at the moment 1584911474
1584911474687|Suppression des messages Le Coronavirus est partout 63 du topic CPS
1584911474687|Message Le Coronavirus est partout 64 stocked to topic CPS at the moment 1584911474
1584911474688|Suppression des messages Le Coronavirus est partout 64 du topic CPS
1584911474689|Message Le Coronavirus est partout 65 stocked to topic CPS at the moment 1584911474
1584911474689|Suppression des messages Le Coronavirus est partout 65 du topic CPS
1584911474689|Message Le Coronavirus est partout 66 stocked to topic CPS at the moment 1584911474
1584911474690|Suppression des messages Le Coronavirus est partout 66 du topic CPS
1584911474690|Message Le Coronavirus est partout 67 stocked to topic CPS at the moment 1584911474
1584911474690|Suppression des messages Le Coronavirus est partout 67 du topic CPS
1584911474690|Message Le Coronavirus est partout 68 stocked to topic CPS at the moment 1584911474
1584911474691|Suppression des messages Le Coronavirus est partout 68 du topic CPS
1584911474691|Message Le Coronavirus est partout 69 stocked to topic CPS at the moment 1584911474
1584911474691|Suppression des messages Le Coronavirus est partout 69 du topic CPS
1584911474691|Message Le Coronavirus est partout 70 stocked to topic CPS at the moment 1584911474
1584911474691|Suppression des messages Le Coronavirus est partout 70 du topic CPS
1584911474691|Message Le Coronavirus est partout 71 stocked to topic CPS at the moment 1584911474
1584911474692|Suppression des messages Le Coronavirus est partout 71 du topic CPS
1584911474695|Message Le Coronavirus est partout 72 stocked to topic CPS at the moment 1584911474
1584911474695|Suppression des messages Le Coronavirus est partout 72 du topic CPS
1584911474695|Message Le Coronavirus est partout 73 stocked to topic CPS at the moment 1584911474
1584911474695|Suppression des messages Le Coronavirus est partout 73 du topic CPS
1584911474696|Message Le Coronavirus est partout 74 stocked to topic CPS at the moment 1584911474
1584911474696|Suppression des messages Le Coronavirus est partout 74 du topic CPS
1584911474696|Message Le Coronavirus est partout 75 stocked to topic CPS at the moment 1584911474
1584911474696|Suppression des messages Le Coronavirus est partout 75 du topic CPS
1584911474696|Message Le Coronavirus est partout 76 stocked to topic CPS at the moment 1584911474
1584911474696|Suppression des messages Le Coronavirus est partout 76 du topic CPS
1584911474697|Message Le Coronavirus est partout 77 stocked to topic CPS at the moment 1584911474
1584911474697|Suppression des messages Le Coronavirus est partout 77 du topic CPS
1584911474697|Message Le Coronavirus est partout 78 stocked to topic CPS at the moment 1584911474
1584911474698|Suppression des messages Le Coronavirus est partout 78 du topic CPS
1584911474698|Message Le Coronavirus est partout 79 stocked to topic CPS at the moment 1584911474
1584911474698|Suppression des messages Le Coronavirus est partout 79 du topic CPS
1584911474698|Message Le Coronavirus est partout 80 stocked to topic CPS at the moment 1584911474
1584911474698|Suppression des messages Le Coronavirus est partout 80 du topic CPS
1584911474699|Message Le Coronavirus est partout 81 stocked to topic CPS at the moment 1584911474
1584911474700|Suppression des messages Le Coronavirus est partout 81 du topic CPS
1584911474700|Message Le Coronavirus est partout 82 stocked to topic CPS at the moment 1584911474
1584911474700|Suppression des messages Le Coronavirus est partout 82 du topic CPS
1584911474700|Message Le Coronavirus est partout 83 stocked to topic CPS at the moment 1584911474
1584911474701|Suppression des messages Le Coronavirus est partout 83 du topic CPS
1584911474701|Message Le Coronavirus est partout 84 stocked to topic CPS at the moment 1584911474
1584911474701|Suppression des messages Le Coronavirus est partout 84 du topic CPS
1584911474701|Message Le Coronavirus est partout 85 stocked to topic CPS at the moment 1584911474
1584911474701|Suppression des messages Le Coronavirus est partout 85 du topic CPS
1584911474702|Message Le Coronavirus est partout 86 stocked to topic CPS at the moment 1584911474
1584911474702|Suppression des messages Le Coronavirus est partout 86 du topic CPS
1584911474702|Message Le Coronavirus est partout 87 stocked to topic CPS at the moment 1584911474
1584911474702|Suppression des messages Le Coronavirus est partout 87 du topic CPS
1584911474703|Message Le Coronavirus est partout 88 stocked to topic CPS at the moment 1584911474
1584911474703|Suppression des messages Le Coronavirus est partout 88 du topic CPS
1584911474703|Message Le Coronavirus est partout 89 stocked to topic CPS at the moment 1584911474
1584911474704|Suppression des messages Le Coronavirus est partout 89 du topic CPS
1584911474704|Message Le Coronavirus est partout 90 stocked to topic CPS at the moment 1584911474
1584911474704|Suppression des messages Le Coronavirus est partout 90 du topic CPS
1584911474704|Message Le Coronavirus est partout 91 stocked to topic CPS at the moment 1584911474
1584911474704|Suppression des messages Le Coronavirus est partout 91 du topic CPS
1584911474705|Message Le Coronavirus est partout 92 stocked to topic CPS at the moment 1584911474
1584911474705|Suppression des messages Le Coronavirus est partout 92 du topic CPS
1584911474705|Message Le Coronavirus est partout 93 stocked to topic CPS at the moment 1584911474
1584911474705|Suppression des messages Le Coronavirus est partout 93 du topic CPS
1584911474705|Message Le Coronavirus est partout 94 stocked to topic CPS at the moment 1584911474
1584911474705|Suppression des messages Le Coronavirus est partout 94 du topic CPS
1584911474706|Message Le Coronavirus est partout 95 stocked to topic CPS at the moment 1584911474
1584911474706|Suppression des messages Le Coronavirus est partout 95 du topic CPS
1584911474707|Message Le Coronavirus est partout 96 stocked to topic CPS at the moment 1584911474
1584911474707|Suppression des messages Le Coronavirus est partout 96 du topic CPS
1584911474707|Message Le Coronavirus est partout 97 stocked to topic CPS at the moment 1584911474
1584911474707|Suppression des messages Le Coronavirus est partout 97 du topic CPS
1584911474707|Message Le Coronavirus est partout 98 stocked to topic CPS at the moment 1584911474
1584911474708|Suppression des messages Le Coronavirus est partout 98 du topic CPS
1584911474709|Message Le Coronavirus est partout 99 stocked to topic CPS at the moment 1584911474
1584911474709|Suppression des messages Le Coronavirus est partout 99 du topic CPS
1584911478480|stopping broker component.
